This file contains any messages produced by compilers while
running configure, to aid debugging if configure makes a mistake.

It was created by libmaxminddb configure 1.4.3, which was
generated by GNU Autoconf 2.71.  Invocation command line was

  $ ./configure

## --------- ##
## Platform. ##
## --------- ##

hostname = DESKTOP-FJ3QCTM
uname -m = x86_64
uname -r = 6.6.87.2-microsoft-standard-WSL2
uname -s = Linux
uname -v = #1 SMP PREEMPT_DYNAMIC Thu Jun  5 18:30:46 UTC 2025

/usr/bin/uname -p = x86_64
/bin/uname -X     = unknown

/bin/arch              = x86_64
/usr/bin/arch -k       = unknown
/usr/convex/getsysinfo = unknown
/usr/bin/hostinfo      = unknown
/bin/machine           = unknown
/usr/bin/oslevel       = unknown
/bin/universe          = unknown

PATH: /home/lavanya/tranalyzer2-0.9.3/tranalyzer-dashboard/venv/bin/
PATH: /usr/local/sbin/
PATH: /usr/local/bin/
PATH: /usr/sbin/
PATH: /usr/bin/
PATH: /sbin/
PATH: /bin/
PATH: /usr/games/
PATH: /usr/local/games/
PATH: /usr/lib/wsl/lib/
PATH: /mnt/c/Program Files (x86)/VMware/VMware Player/bin/
PATH: /mnt/c/Python312/Scripts/
PATH: /mnt/c/Python312/
PATH: /mnt/c/Program Files (x86)/Python37-32/Scripts/
PATH: /mnt/c/Program Files (x86)/Python37-32/
PATH: /mnt/c/Program Files/Common Files/Oracle/Java/javapath/
PATH: /mnt/c/Program Files (x86)/Common Files/Oracle/Java/java8path/
PATH: /mnt/c/Program Files (x86)/Common Files/Oracle/Java/javapath/
PATH: /mnt/c/Windows/system32/
PATH: /mnt/c/Windows/
PATH: /mnt/c/Windows/System32/Wbem/
PATH: /mnt/c/Windows/System32/WindowsPowerShell/v1.0/
PATH: /mnt/c/Windows/System32/OpenSSH/
PATH: /mnt/c/Users/LAVANYA/AppData/Local/Microsoft/WindowsApps/
PATH: /mnt/c/ProgramData/chocolatey/bin/
PATH: /mnt/c/Program Files/MongoDB/Server/8.0/bin/
PATH: /mnt/c/Users/LAVANYA/Downloads/apache-maven-3.9.9-bin/apache-maven-3.9.9/bin/
PATH: /mnt/c/Program Files/apache-maven-3.9.9-bin/apache-maven-3.9.9/bin/
PATH: /mnt/c/Users/LAVANYA/AppData/Roaming/nvm/
PATH: /mnt/c/Program Files/nodejs/
PATH: /mnt/c/Program Files/Amazon/AWSCLIV2/
PATH: /mnt/c/Program Files/PuTTY/
PATH: /mnt/c/Program Files/Docker/Docker/resources/bin/
PATH: /mnt/c/Program Files/Git/cmd/
PATH: /mnt/c/Program Files/Graphviz/bin/
PATH: /mnt/c/Program Files/Graphviz/bin/
PATH: /mnt/c/Users/LAVANYA/AppData/Local/Programs/Python/Python313/Scripts/
PATH: /mnt/c/Users/LAVANYA/AppData/Local/Programs/Python/Python313/
PATH: /mnt/c/Users/LAVANYA/AppData/Local/Programs/Python/Python37/Scripts/
PATH: /mnt/c/Users/LAVANYA/AppData/Local/Programs/Python/Python37/
PATH: /mnt/c/Users/LAVANYA/AppData/Local/Programs/Microsoft VS Code/bin/
PATH: /mnt/c/Program Files/JetBrains/IntelliJ IDEA 2023.2.2/bin/
PATH: /mnt/c/Users/LAVANYA/AppData/Roaming/npm/
PATH: /mnt/c/Program Files/mongosh/
PATH: /mnt/c/Program Files (x86)/Java/jre-1.8/bin/
PATH: /mnt/c/Users/LAVANYA/Downloads/apache-maven-3.9.9-bin/
PATH: /mnt/c/Users/LAVANYA/AppData/Local/Programs/cursor/resources/app/bin/
PATH: /snap/bin/


## ----------- ##
## Core tests. ##
## ----------- ##

configure:2544: looking for aux files: missing install-sh compile config.guess config.sub ltmain.sh
configure:2557:  trying ./
configure:2586:   ./missing found
configure:2568:   ./install-sh found
configure:2586:   ./compile found
configure:2586:   ./config.guess found
configure:2586:   ./config.sub found
configure:2586:   ./ltmain.sh found
configure:2760: checking for pkg-config
configure:2783: found /usr/bin/pkg-config
configure:2795: result: /usr/bin/pkg-config
configure:2820: checking pkg-config is at least version 0.9.0
configure:2823: result: yes
configure:2884: checking build system type
configure:2899: result: x86_64-pc-linux-gnu
configure:2919: checking host system type
configure:2933: result: x86_64-pc-linux-gnu
configure:2974: checking how to print strings
configure:3001: result: printf
configure:3087: checking for gcc
configure:3108: found /usr/bin/gcc
configure:3119: result: gcc
configure:3472: checking for C compiler version
configure:3481: gcc --version >&5
gcc (Ubuntu 13.3.0-6ubuntu2~24.04) 13.3.0
Copyright (C) 2023 Free Software Foundation, Inc.
This is free software; see the source for copying conditions.  There is NO
warranty; not even for MERCHANTABILITY or FITNESS FOR A PARTICULAR PURPOSE.

configure:3492: $? = 0
configure:3481: gcc -v >&5
Using built-in specs.
COLLECT_GCC=gcc
COLLECT_LTO_WRAPPER=/usr/libexec/gcc/x86_64-linux-gnu/13/lto-wrapper
OFFLOAD_TARGET_NAMES=nvptx-none:amdgcn-amdhsa
OFFLOAD_TARGET_DEFAULT=1
Target: x86_64-linux-gnu
Configured with: ../src/configure -v --with-pkgversion='Ubuntu 13.3.0-6ubuntu2~24.04' --with-bugurl=file:///usr/share/doc/gcc-13/README.Bugs --enable-languages=c,ada,c++,go,d,fortran,objc,obj-c++,m2 --prefix=/usr --with-gcc-major-version-only --program-suffix=-13 --program-prefix=x86_64-linux-gnu- --enable-shared --enable-linker-build-id --libexecdir=/usr/libexec --without-included-gettext --enable-threads=posix --libdir=/usr/lib --enable-nls --enable-bootstrap --enable-clocale=gnu --enable-libstdcxx-debug --enable-libstdcxx-time=yes --with-default-libstdcxx-abi=new --enable-libstdcxx-backtrace --enable-gnu-unique-object --disable-vtable-verify --enable-plugin --enable-default-pie --with-system-zlib --enable-libphobos-checking=release --with-target-system-zlib=auto --enable-objc-gc=auto --enable-multiarch --disable-werror --enable-cet --with-arch-32=i686 --with-abi=m64 --with-multilib-list=m32,m64,mx32 --enable-multilib --with-tune=generic --enable-offload-targets=nvptx-none=/build/gcc-13-fG75Ri/gcc-13-13.3.0/debian/tmp-nvptx/usr,amdgcn-amdhsa=/build/gcc-13-fG75Ri/gcc-13-13.3.0/debian/tmp-gcn/usr --enable-offload-defaulted --without-cuda-driver --enable-checking=release --build=x86_64-linux-gnu --host=x86_64-linux-gnu --target=x86_64-linux-gnu --with-build-config=bootstrap-lto-lean --enable-link-serialization=2
Thread model: posix
Supported LTO compression algorithms: zlib zstd
gcc version 13.3.0 (Ubuntu 13.3.0-6ubuntu2~24.04) 
... rest of stderr output deleted ...
configure:3492: $? = 0
configure:3481: gcc -V >&5
gcc: error: unrecognized command-line option '-V'
gcc: fatal error: no input files
compilation terminated.
configure:3492: $? = 1
configure:3481: gcc -qversion >&5
gcc: error: unrecognized command-line option '-qversion'; did you mean '--version'?
gcc: fatal error: no input files
compilation terminated.
configure:3492: $? = 1
configure:3481: gcc -version >&5
gcc: error: unrecognized command-line option '-version'
gcc: fatal error: no input files
compilation terminated.
configure:3492: $? = 1
configure:3512: checking whether the C compiler works
configure:3534: gcc    conftest.c  >&5
configure:3538: $? = 0
configure:3588: result: yes
configure:3591: checking for C compiler default output file name
configure:3593: result: a.out
configure:3599: checking for suffix of executables
configure:3606: gcc -o conftest    conftest.c  >&5
configure:3610: $? = 0
configure:3633: result: 
configure:3655: checking whether we are cross compiling
configure:3663: gcc -o conftest    conftest.c  >&5
configure:3667: $? = 0
configure:3674: ./conftest
configure:3678: $? = 0
configure:3693: result: no
configure:3698: checking for suffix of object files
configure:3721: gcc -c   conftest.c >&5
configure:3725: $? = 0
configure:3747: result: o
configure:3751: checking whether the compiler supports GNU C
configure:3771: gcc -c   conftest.c >&5
configure:3771: $? = 0
configure:3781: result: yes
configure:3792: checking whether gcc accepts -g
configure:3813: gcc -c -g  conftest.c >&5
configure:3813: $? = 0
configure:3857: result: yes
configure:3877: checking for gcc option to enable C11 features
configure:3892: gcc  -c -g -O2  conftest.c >&5
configure:3892: $? = 0
configure:3910: result: none needed
configure:4026: checking whether gcc understands -c and -o together
configure:4049: gcc -c conftest.c -o conftest2.o
configure:4052: $? = 0
configure:4049: gcc -c conftest.c -o conftest2.o
configure:4052: $? = 0
configure:4064: result: yes
configure:4081: checking for a sed that does not truncate output
configure:4151: result: /usr/bin/sed
configure:4169: checking for grep that handles long lines and -e
configure:4233: result: /usr/bin/grep
configure:4238: checking for egrep
configure:4306: result: /usr/bin/grep -E
configure:4311: checking for fgrep
configure:4379: result: /usr/bin/grep -F
configure:4415: checking for ld used by gcc
configure:4483: result: /usr/bin/ld
configure:4490: checking if the linker (/usr/bin/ld) is GNU ld
configure:4506: result: yes
configure:4518: checking for BSD- or MS-compatible name lister (nm)
configure:4573: result: /usr/bin/nm -B
configure:4713: checking the name lister (/usr/bin/nm -B) interface
configure:4721: gcc -c -g -O2  conftest.c >&5
configure:4724: /usr/bin/nm -B "conftest.o"
configure:4727: output
0000000000000000 B some_variable
configure:4734: result: BSD nm
configure:4737: checking whether ln -s works
configure:4741: result: yes
configure:4749: checking the maximum length of command line arguments
configure:4881: result: 1572864
configure:4929: checking how to convert x86_64-pc-linux-gnu file names to x86_64-pc-linux-gnu format
configure:4970: result: func_convert_file_noop
configure:4977: checking how to convert x86_64-pc-linux-gnu file names to toolchain format
configure:4998: result: func_convert_file_noop
configure:5005: checking for /usr/bin/ld option to reload object files
configure:5013: result: -r
configure:5092: checking for file
configure:5113: found /usr/bin/file
configure:5124: result: file
configure:5200: checking for objdump
configure:5221: found /usr/bin/objdump
configure:5232: result: objdump
configure:5264: checking how to recognize dependent libraries
configure:5465: result: pass_all
configure:5555: checking for dlltool
configure:5590: result: no
configure:5620: checking how to associate runtime and link libraries
configure:5648: result: printf %s\n
configure:5714: checking for ar
configure:5735: found /usr/bin/ar
configure:5746: result: ar
configure:5799: checking for archiver @FILE support
configure:5817: gcc -c -g -O2  conftest.c >&5
configure:5817: $? = 0
configure:5821: ar cr libconftest.a @conftest.lst >&5
configure:5824: $? = 0
configure:5829: ar cr libconftest.a @conftest.lst >&5
ar: conftest.o: No such file or directory
configure:5832: $? = 1
configure:5844: result: @
configure:5907: checking for strip
configure:5928: found /usr/bin/strip
configure:5939: result: strip
configure:6016: checking for ranlib
configure:6037: found /usr/bin/ranlib
configure:6048: result: ranlib
configure:6125: checking for gawk
configure:6146: found /usr/bin/gawk
configure:6157: result: gawk
configure:6197: checking command to parse /usr/bin/nm -B output from gcc object
configure:6351: gcc -c -g -O2  conftest.c >&5
configure:6354: $? = 0
configure:6358: /usr/bin/nm -B conftest.o | /usr/bin/sed -n -e 's/^.*[	 ]\([ABCDGIRSTW][ABCDGIRSTW]*\)[	 ][	 ]*\([_A-Za-z][_A-Za-z0-9]*\)$/\1 \2 \2/p' | /usr/bin/sed '/ __gnu_lto/d' > conftest.nm
configure:6424: gcc -o conftest -g -O2   conftest.c conftstm.o >&5
configure:6427: $? = 0
configure:6465: result: ok
configure:6512: checking for sysroot
configure:6543: result: no
configure:6550: checking for a working dd
configure:6594: result: /usr/bin/dd
configure:6598: checking how to truncate binary pipes
configure:6614: result: /usr/bin/dd bs=4096 count=1
configure:6751: gcc -c -g -O2  conftest.c >&5
configure:6754: $? = 0
configure:6951: checking for mt
configure:6986: result: no
configure:7006: checking if : is a manifest tool
configure:7013: : '-?'
configure:7021: result: no
configure:7746: checking for stdio.h
configure:7746: gcc -c -g -O2  conftest.c >&5
configure:7746: $? = 0
configure:7746: result: yes
configure:7746: checking for stdlib.h
configure:7746: gcc -c -g -O2  conftest.c >&5
configure:7746: $? = 0
configure:7746: result: yes
configure:7746: checking for string.h
configure:7746: gcc -c -g -O2  conftest.c >&5
configure:7746: $? = 0
configure:7746: result: yes
configure:7746: checking for inttypes.h
configure:7746: gcc -c -g -O2  conftest.c >&5
configure:7746: $? = 0
configure:7746: result: yes
configure:7746: checking for stdint.h
configure:7746: gcc -c -g -O2  conftest.c >&5
configure:7746: $? = 0
configure:7746: result: yes
configure:7746: checking for strings.h
configure:7746: gcc -c -g -O2  conftest.c >&5
configure:7746: $? = 0
configure:7746: result: yes
configure:7746: checking for sys/stat.h
configure:7746: gcc -c -g -O2  conftest.c >&5
configure:7746: $? = 0
configure:7746: result: yes
configure:7746: checking for sys/types.h
configure:7746: gcc -c -g -O2  conftest.c >&5
configure:7746: $? = 0
configure:7746: result: yes
configure:7746: checking for unistd.h
configure:7746: gcc -c -g -O2  conftest.c >&5
configure:7746: $? = 0
configure:7746: result: yes
configure:7746: checking for sys/param.h
configure:7746: gcc -c -g -O2  conftest.c >&5
configure:7746: $? = 0
configure:7746: result: yes
configure:7771: checking for dlfcn.h
configure:7771: gcc -c -g -O2  conftest.c >&5
configure:7771: $? = 0
configure:7771: result: yes
configure:8030: checking for objdir
configure:8046: result: .libs
configure:8306: checking if gcc supports -fno-rtti -fno-exceptions
configure:8325: gcc -c -g -O2  -fno-rtti -fno-exceptions conftest.c >&5
cc1: warning: command-line option '-fno-rtti' is valid for C++/D/ObjC++ but not for C
configure:8329: $? = 0
configure:8342: result: no
configure:8706: checking for gcc option to produce PIC
configure:8714: result: -fPIC -DPIC
configure:8722: checking if gcc PIC flag -fPIC -DPIC works
configure:8741: gcc -c -g -O2  -fPIC -DPIC -DPIC conftest.c >&5
configure:8745: $? = 0
configure:8758: result: yes
configure:8787: checking if gcc static flag -static works
configure:8816: result: yes
configure:8831: checking if gcc supports -c -o file.o
configure:8853: gcc -c -g -O2  -o out/conftest2.o conftest.c >&5
configure:8857: $? = 0
configure:8879: result: yes
configure:8887: checking if gcc supports -c -o file.o
configure:8935: result: yes
configure:8968: checking whether the gcc linker (/usr/bin/ld -m elf_x86_64) supports shared libraries
configure:10242: result: yes
configure:10279: checking whether -lc should be explicitly linked in
configure:10288: gcc -c -g -O2  conftest.c >&5
configure:10291: $? = 0
configure:10306: gcc -shared  -fPIC -DPIC conftest.o  -v -Wl,-soname -Wl,conftest -o conftest 2\>\&1 \| /usr/bin/grep  -lc  \>/dev/null 2\>\&1
configure:10309: $? = 0
configure:10323: result: no
configure:10483: checking dynamic linker characteristics
configure:11065: gcc -o conftest -g -O2   -Wl,-rpath -Wl,/foo conftest.c  >&5
configure:11065: $? = 0
configure:11316: result: GNU/Linux ld.so
configure:11438: checking how to hardcode library paths into programs
configure:11463: result: immediate
configure:12015: checking whether stripping libraries is possible
configure:12024: result: yes
configure:12066: checking if libtool supports shared libraries
configure:12068: result: yes
configure:12071: checking whether to build shared libraries
configure:12096: result: yes
configure:12099: checking whether to build static libraries
configure:12103: result: yes
configure:12157: checking for a BSD-compatible install
configure:12230: result: /usr/bin/install -c
configure:12241: checking whether build environment is sane
configure:12296: result: yes
configure:12451: checking for a race-free mkdir -p
configure:12495: result: /usr/bin/mkdir -p
configure:12498: checking whether make sets $(MAKE)
configure:12521: result: yes
configure:12543: checking whether make supports the include directive
configure:12558: make -f confmf.GNU && cat confinc.out
this is the am__doit target
configure:12561: $? = 0
configure:12580: result: yes (GNU style)
configure:12615: checking whether make supports nested variables
configure:12633: result: yes
configure:12714: checking dependency style of gcc
configure:12826: result: gcc3
configure:12911: checking whether compiler accepts "-fms-extensions"
configure:12920: result: yes
configure:12938: checking for C/C++ restrict keyword
configure:12968: gcc -c -g  -fms-extensions  conftest.c >&5
configure:12968: $? = 0
configure:12977: result: __restrict__
configure:12989: checking for arpa/inet.h
configure:12989: gcc -c -g  -fms-extensions  conftest.c >&5
configure:12989: $? = 0
configure:12989: result: yes
configure:12995: checking for assert.h
configure:12995: gcc -c -g  -fms-extensions  conftest.c >&5
configure:12995: $? = 0
configure:12995: result: yes
configure:13001: checking for fcntl.h
configure:13001: gcc -c -g  -fms-extensions  conftest.c >&5
configure:13001: $? = 0
configure:13001: result: yes
configure:13007: checking for inttypes.h
configure:13007: result: yes
configure:13013: checking for libgen.h
configure:13013: gcc -c -g  -fms-extensions  conftest.c >&5
configure:13013: $? = 0
configure:13013: result: yes
configure:13019: checking for math.h
configure:13019: gcc -c -g  -fms-extensions  conftest.c >&5
configure:13019: $? = 0
configure:13019: result: yes
configure:13025: checking for netdb.h
configure:13025: gcc -c -g  -fms-extensions  conftest.c >&5
configure:13025: $? = 0
configure:13025: result: yes
configure:13031: checking for netinet/in.h
configure:13031: gcc -c -g  -fms-extensions  conftest.c >&5
configure:13031: $? = 0
configure:13031: result: yes
configure:13037: checking for stdarg.h
configure:13037: gcc -c -g  -fms-extensions  conftest.c >&5
configure:13037: $? = 0
configure:13037: result: yes
configure:13043: checking for stdbool.h
configure:13043: gcc -c -g  -fms-extensions  conftest.c >&5
configure:13043: $? = 0
configure:13043: result: yes
configure:13049: checking for stdint.h
configure:13049: result: yes
configure:13055: checking for stdio.h
configure:13055: result: yes
configure:13061: checking for stdlib.h
configure:13061: result: yes
configure:13067: checking for string.h
configure:13067: result: yes
configure:13073: checking for sys/mman.h
configure:13073: gcc -c -g  -fms-extensions  conftest.c >&5
configure:13073: $? = 0
configure:13073: result: yes
configure:13079: checking for sys/socket.h
configure:13079: gcc -c -g  -fms-extensions  conftest.c >&5
configure:13079: $? = 0
configure:13079: result: yes
configure:13085: checking for sys/stat.h
configure:13085: result: yes
configure:13091: checking for sys/time.h
configure:13091: gcc -c -g  -fms-extensions  conftest.c >&5
configure:13091: $? = 0
configure:13091: result: yes
configure:13097: checking for sys/types.h
configure:13097: result: yes
configure:13103: checking for unistd.h
configure:13103: result: yes
configure:13122: checking for off_t
configure:13122: gcc -c -g  -fms-extensions  conftest.c >&5
configure:13122: $? = 0
configure:13122: gcc -c -g  -fms-extensions  conftest.c >&5
conftest.c: In function 'main':
conftest.c:76:20: error: expected expression before ')' token
   76 | if (sizeof ((off_t)))
      |                    ^
configure:13122: $? = 1
configure: failed program was:
| /* confdefs.h */
| #define PACKAGE_NAME "libmaxminddb"
| #define PACKAGE_TARNAME "libmaxminddb"
| #define PACKAGE_VERSION "1.4.3"
| #define PACKAGE_STRING "libmaxminddb 1.4.3"
| #define PACKAGE_BUGREPORT "support@maxmind.com"
| #define PACKAGE_URL ""
| #define HAVE_STDIO_H 1
| #define HAVE_STDLIB_H 1
| #define HAVE_STRING_H 1
| #define HAVE_INTTYPES_H 1
| #define HAVE_STDINT_H 1
| #define HAVE_STRINGS_H 1
| #define HAVE_SYS_STAT_H 1
| #define HAVE_SYS_TYPES_H 1
| #define HAVE_UNISTD_H 1
| #define HAVE_SYS_PARAM_H 1
| #define STDC_HEADERS 1
| #define HAVE_DLFCN_H 1
| #define LT_OBJDIR ".libs/"
| #define PACKAGE "libmaxminddb"
| #define VERSION "1.4.3"
| #define restrict __restrict__
| #define HAVE_ARPA_INET_H 1
| #define HAVE_ASSERT_H 1
| #define HAVE_FCNTL_H 1
| #define HAVE_INTTYPES_H 1
| #define HAVE_LIBGEN_H 1
| #define HAVE_MATH_H 1
| #define HAVE_NETDB_H 1
| #define HAVE_NETINET_IN_H 1
| #define HAVE_STDARG_H 1
| #define HAVE_STDBOOL_H 1
| #define HAVE_STDINT_H 1
| #define HAVE_STDIO_H 1
| #define HAVE_STDLIB_H 1
| #define HAVE_STRING_H 1
| #define HAVE_SYS_MMAN_H 1
| #define HAVE_SYS_SOCKET_H 1
| #define HAVE_SYS_STAT_H 1
| #define HAVE_SYS_TIME_H 1
| #define HAVE_SYS_TYPES_H 1
| #define HAVE_UNISTD_H 1
| /* end confdefs.h.  */
| #include <stddef.h>
| #ifdef HAVE_STDIO_H
| # include <stdio.h>
| #endif
| #ifdef HAVE_STDLIB_H
| # include <stdlib.h>
| #endif
| #ifdef HAVE_STRING_H
| # include <string.h>
| #endif
| #ifdef HAVE_INTTYPES_H
| # include <inttypes.h>
| #endif
| #ifdef HAVE_STDINT_H
| # include <stdint.h>
| #endif
| #ifdef HAVE_STRINGS_H
| # include <strings.h>
| #endif
| #ifdef HAVE_SYS_TYPES_H
| # include <sys/types.h>
| #endif
| #ifdef HAVE_SYS_STAT_H
| # include <sys/stat.h>
| #endif
| #ifdef HAVE_UNISTD_H
| # include <unistd.h>
| #endif
| int
| main (void)
| {
| if (sizeof ((off_t)))
| 	    return 0;
|   ;
|   return 0;
| }
configure:13122: result: yes
configure:13132: checking for size_t
configure:13132: gcc -c -g  -fms-extensions  conftest.c >&5
configure:13132: $? = 0
configure:13132: gcc -c -g  -fms-extensions  conftest.c >&5
conftest.c: In function 'main':
conftest.c:76:21: error: expected expression before ')' token
   76 | if (sizeof ((size_t)))
      |                     ^
configure:13132: $? = 1
configure: failed program was:
| /* confdefs.h */
| #define PACKAGE_NAME "libmaxminddb"
| #define PACKAGE_TARNAME "libmaxminddb"
| #define PACKAGE_VERSION "1.4.3"
| #define PACKAGE_STRING "libmaxminddb 1.4.3"
| #define PACKAGE_BUGREPORT "support@maxmind.com"
| #define PACKAGE_URL ""
| #define HAVE_STDIO_H 1
| #define HAVE_STDLIB_H 1
| #define HAVE_STRING_H 1
| #define HAVE_INTTYPES_H 1
| #define HAVE_STDINT_H 1
| #define HAVE_STRINGS_H 1
| #define HAVE_SYS_STAT_H 1
| #define HAVE_SYS_TYPES_H 1
| #define HAVE_UNISTD_H 1
| #define HAVE_SYS_PARAM_H 1
| #define STDC_HEADERS 1
| #define HAVE_DLFCN_H 1
| #define LT_OBJDIR ".libs/"
| #define PACKAGE "libmaxminddb"
| #define VERSION "1.4.3"
| #define restrict __restrict__
| #define HAVE_ARPA_INET_H 1
| #define HAVE_ASSERT_H 1
| #define HAVE_FCNTL_H 1
| #define HAVE_INTTYPES_H 1
| #define HAVE_LIBGEN_H 1
| #define HAVE_MATH_H 1
| #define HAVE_NETDB_H 1
| #define HAVE_NETINET_IN_H 1
| #define HAVE_STDARG_H 1
| #define HAVE_STDBOOL_H 1
| #define HAVE_STDINT_H 1
| #define HAVE_STDIO_H 1
| #define HAVE_STDLIB_H 1
| #define HAVE_STRING_H 1
| #define HAVE_SYS_MMAN_H 1
| #define HAVE_SYS_SOCKET_H 1
| #define HAVE_SYS_STAT_H 1
| #define HAVE_SYS_TIME_H 1
| #define HAVE_SYS_TYPES_H 1
| #define HAVE_UNISTD_H 1
| /* end confdefs.h.  */
| #include <stddef.h>
| #ifdef HAVE_STDIO_H
| # include <stdio.h>
| #endif
| #ifdef HAVE_STDLIB_H
| # include <stdlib.h>
| #endif
| #ifdef HAVE_STRING_H
| # include <string.h>
| #endif
| #ifdef HAVE_INTTYPES_H
| # include <inttypes.h>
| #endif
| #ifdef HAVE_STDINT_H
| # include <stdint.h>
| #endif
| #ifdef HAVE_STRINGS_H
| # include <strings.h>
| #endif
| #ifdef HAVE_SYS_TYPES_H
| # include <sys/types.h>
| #endif
| #ifdef HAVE_SYS_STAT_H
| # include <sys/stat.h>
| #endif
| #ifdef HAVE_UNISTD_H
| # include <unistd.h>
| #endif
| int
| main (void)
| {
| if (sizeof ((size_t)))
| 	    return 0;
|   ;
|   return 0;
| }
configure:13132: result: yes
configure:13142: checking for ssize_t
configure:13142: gcc -c -g  -fms-extensions  conftest.c >&5
configure:13142: $? = 0
configure:13142: gcc -c -g  -fms-extensions  conftest.c >&5
conftest.c: In function 'main':
conftest.c:76:22: error: expected expression before ')' token
   76 | if (sizeof ((ssize_t)))
      |                      ^
configure:13142: $? = 1
configure: failed program was:
| /* confdefs.h */
| #define PACKAGE_NAME "libmaxminddb"
| #define PACKAGE_TARNAME "libmaxminddb"
| #define PACKAGE_VERSION "1.4.3"
| #define PACKAGE_STRING "libmaxminddb 1.4.3"
| #define PACKAGE_BUGREPORT "support@maxmind.com"
| #define PACKAGE_URL ""
| #define HAVE_STDIO_H 1
| #define HAVE_STDLIB_H 1
| #define HAVE_STRING_H 1
| #define HAVE_INTTYPES_H 1
| #define HAVE_STDINT_H 1
| #define HAVE_STRINGS_H 1
| #define HAVE_SYS_STAT_H 1
| #define HAVE_SYS_TYPES_H 1
| #define HAVE_UNISTD_H 1
| #define HAVE_SYS_PARAM_H 1
| #define STDC_HEADERS 1
| #define HAVE_DLFCN_H 1
| #define LT_OBJDIR ".libs/"
| #define PACKAGE "libmaxminddb"
| #define VERSION "1.4.3"
| #define restrict __restrict__
| #define HAVE_ARPA_INET_H 1
| #define HAVE_ASSERT_H 1
| #define HAVE_FCNTL_H 1
| #define HAVE_INTTYPES_H 1
| #define HAVE_LIBGEN_H 1
| #define HAVE_MATH_H 1
| #define HAVE_NETDB_H 1
| #define HAVE_NETINET_IN_H 1
| #define HAVE_STDARG_H 1
| #define HAVE_STDBOOL_H 1
| #define HAVE_STDINT_H 1
| #define HAVE_STDIO_H 1
| #define HAVE_STDLIB_H 1
| #define HAVE_STRING_H 1
| #define HAVE_SYS_MMAN_H 1
| #define HAVE_SYS_SOCKET_H 1
| #define HAVE_SYS_STAT_H 1
| #define HAVE_SYS_TIME_H 1
| #define HAVE_SYS_TYPES_H 1
| #define HAVE_UNISTD_H 1
| /* end confdefs.h.  */
| #include <stddef.h>
| #ifdef HAVE_STDIO_H
| # include <stdio.h>
| #endif
| #ifdef HAVE_STDLIB_H
| # include <stdlib.h>
| #endif
| #ifdef HAVE_STRING_H
| # include <string.h>
| #endif
| #ifdef HAVE_INTTYPES_H
| # include <inttypes.h>
| #endif
| #ifdef HAVE_STDINT_H
| # include <stdint.h>
| #endif
| #ifdef HAVE_STRINGS_H
| # include <strings.h>
| #endif
| #ifdef HAVE_SYS_TYPES_H
| # include <sys/types.h>
| #endif
| #ifdef HAVE_SYS_STAT_H
| # include <sys/stat.h>
| #endif
| #ifdef HAVE_UNISTD_H
| # include <unistd.h>
| #endif
| int
| main (void)
| {
| if (sizeof ((ssize_t)))
| 	    return 0;
|   ;
|   return 0;
| }
configure:13142: result: yes
configure:13152: checking for uint8_t
configure:13152: gcc -c -g  -fms-extensions  conftest.c >&5
configure:13152: $? = 0
configure:13152: result: yes
configure:13164: checking for uint32_t
configure:13164: gcc -c -g  -fms-extensions  conftest.c >&5
configure:13164: $? = 0
configure:13164: result: yes
configure:13176: checking for uint64_t
configure:13176: gcc -c -g  -fms-extensions  conftest.c >&5
configure:13176: $? = 0
configure:13176: result: yes
configure:13205: checking for unsigned __int128
configure:13205: gcc -c -g  -fms-extensions  conftest.c >&5
configure:13205: $? = 0
configure:13205: gcc -c -g  -fms-extensions  conftest.c >&5
conftest.c: In function 'main':
conftest.c:76:32: error: expected expression before ')' token
   76 | if (sizeof ((unsigned __int128)))
      |                                ^
configure:13205: $? = 1
configure: failed program was:
| /* confdefs.h */
| #define PACKAGE_NAME "libmaxminddb"
| #define PACKAGE_TARNAME "libmaxminddb"
| #define PACKAGE_VERSION "1.4.3"
| #define PACKAGE_STRING "libmaxminddb 1.4.3"
| #define PACKAGE_BUGREPORT "support@maxmind.com"
| #define PACKAGE_URL ""
| #define HAVE_STDIO_H 1
| #define HAVE_STDLIB_H 1
| #define HAVE_STRING_H 1
| #define HAVE_INTTYPES_H 1
| #define HAVE_STDINT_H 1
| #define HAVE_STRINGS_H 1
| #define HAVE_SYS_STAT_H 1
| #define HAVE_SYS_TYPES_H 1
| #define HAVE_UNISTD_H 1
| #define HAVE_SYS_PARAM_H 1
| #define STDC_HEADERS 1
| #define HAVE_DLFCN_H 1
| #define LT_OBJDIR ".libs/"
| #define PACKAGE "libmaxminddb"
| #define VERSION "1.4.3"
| #define restrict __restrict__
| #define HAVE_ARPA_INET_H 1
| #define HAVE_ASSERT_H 1
| #define HAVE_FCNTL_H 1
| #define HAVE_INTTYPES_H 1
| #define HAVE_LIBGEN_H 1
| #define HAVE_MATH_H 1
| #define HAVE_NETDB_H 1
| #define HAVE_NETINET_IN_H 1
| #define HAVE_STDARG_H 1
| #define HAVE_STDBOOL_H 1
| #define HAVE_STDINT_H 1
| #define HAVE_STDIO_H 1
| #define HAVE_STDLIB_H 1
| #define HAVE_STRING_H 1
| #define HAVE_SYS_MMAN_H 1
| #define HAVE_SYS_SOCKET_H 1
| #define HAVE_SYS_STAT_H 1
| #define HAVE_SYS_TIME_H 1
| #define HAVE_SYS_TYPES_H 1
| #define HAVE_UNISTD_H 1
| /* end confdefs.h.  */
| #include <stddef.h>
| #ifdef HAVE_STDIO_H
| # include <stdio.h>
| #endif
| #ifdef HAVE_STDLIB_H
| # include <stdlib.h>
| #endif
| #ifdef HAVE_STRING_H
| # include <string.h>
| #endif
| #ifdef HAVE_INTTYPES_H
| # include <inttypes.h>
| #endif
| #ifdef HAVE_STDINT_H
| # include <stdint.h>
| #endif
| #ifdef HAVE_STRINGS_H
| # include <strings.h>
| #endif
| #ifdef HAVE_SYS_TYPES_H
| # include <sys/types.h>
| #endif
| #ifdef HAVE_SYS_STAT_H
| # include <sys/stat.h>
| #endif
| #ifdef HAVE_UNISTD_H
| # include <unistd.h>
| #endif
| int
| main (void)
| {
| if (sizeof ((unsigned __int128)))
| 	    return 0;
|   ;
|   return 0;
| }
configure:13205: result: yes
configure:13231: checking for boolean
configure:13231: gcc -c -g  -fms-extensions  conftest.c >&5
conftest.c: In function 'main':
conftest.c:77:13: error: 'boolean' undeclared (first use in this function)
   77 | if (sizeof (boolean))
      |             ^~~~~~~
conftest.c:77:13: note: each undeclared identifier is reported only once for each function it appears in
configure:13231: $? = 1
configure: failed program was:
| /* confdefs.h */
| #define PACKAGE_NAME "libmaxminddb"
| #define PACKAGE_TARNAME "libmaxminddb"
| #define PACKAGE_VERSION "1.4.3"
| #define PACKAGE_STRING "libmaxminddb 1.4.3"
| #define PACKAGE_BUGREPORT "support@maxmind.com"
| #define PACKAGE_URL ""
| #define HAVE_STDIO_H 1
| #define HAVE_STDLIB_H 1
| #define HAVE_STRING_H 1
| #define HAVE_INTTYPES_H 1
| #define HAVE_STDINT_H 1
| #define HAVE_STRINGS_H 1
| #define HAVE_SYS_STAT_H 1
| #define HAVE_SYS_TYPES_H 1
| #define HAVE_UNISTD_H 1
| #define HAVE_SYS_PARAM_H 1
| #define STDC_HEADERS 1
| #define HAVE_DLFCN_H 1
| #define LT_OBJDIR ".libs/"
| #define PACKAGE "libmaxminddb"
| #define VERSION "1.4.3"
| #define restrict __restrict__
| #define HAVE_ARPA_INET_H 1
| #define HAVE_ASSERT_H 1
| #define HAVE_FCNTL_H 1
| #define HAVE_INTTYPES_H 1
| #define HAVE_LIBGEN_H 1
| #define HAVE_MATH_H 1
| #define HAVE_NETDB_H 1
| #define HAVE_NETINET_IN_H 1
| #define HAVE_STDARG_H 1
| #define HAVE_STDBOOL_H 1
| #define HAVE_STDINT_H 1
| #define HAVE_STDIO_H 1
| #define HAVE_STDLIB_H 1
| #define HAVE_STRING_H 1
| #define HAVE_SYS_MMAN_H 1
| #define HAVE_SYS_SOCKET_H 1
| #define HAVE_SYS_STAT_H 1
| #define HAVE_SYS_TIME_H 1
| #define HAVE_SYS_TYPES_H 1
| #define HAVE_UNISTD_H 1
| #define MMDB_UINT128_IS_BYTE_ARRAY 0
| /* end confdefs.h.  */
| #include <stddef.h>
| #ifdef HAVE_STDIO_H
| # include <stdio.h>
| #endif
| #ifdef HAVE_STDLIB_H
| # include <stdlib.h>
| #endif
| #ifdef HAVE_STRING_H
| # include <string.h>
| #endif
| #ifdef HAVE_INTTYPES_H
| # include <inttypes.h>
| #endif
| #ifdef HAVE_STDINT_H
| # include <stdint.h>
| #endif
| #ifdef HAVE_STRINGS_H
| # include <strings.h>
| #endif
| #ifdef HAVE_SYS_TYPES_H
| # include <sys/types.h>
| #endif
| #ifdef HAVE_SYS_STAT_H
| # include <sys/stat.h>
| #endif
| #ifdef HAVE_UNISTD_H
| # include <unistd.h>
| #endif
| int
| main (void)
| {
| if (sizeof (boolean))
| 	 return 0;
|   ;
|   return 0;
| }
configure:13231: result: no
configure:13241: checking for clock_gettime
configure:13241: gcc -o conftest -g  -fms-extensions   conftest.c  >&5
configure:13241: $? = 0
configure:13241: result: yes
configure:13247: checking for open_memstream
configure:13247: gcc -o conftest -g  -fms-extensions   conftest.c  >&5
configure:13247: $? = 0
configure:13247: result: yes
configure:13255: checking whether byte ordering is bigendian
configure:13271: gcc -c -g  -fms-extensions  conftest.c >&5
conftest.c:49:16: error: unknown type name 'not'
   49 |                not a universal capable compiler
      |                ^~~
conftest.c:49:22: error: expected '=', ',', ';', 'asm' or '__attribute__' before 'universal'
   49 |                not a universal capable compiler
      |                      ^~~~~~~~~
conftest.c:49:22: error: unknown type name 'universal'
configure:13271: $? = 1
configure: failed program was:
| /* confdefs.h */
| #define PACKAGE_NAME "libmaxminddb"
| #define PACKAGE_TARNAME "libmaxminddb"
| #define PACKAGE_VERSION "1.4.3"
| #define PACKAGE_STRING "libmaxminddb 1.4.3"
| #define PACKAGE_BUGREPORT "support@maxmind.com"
| #define PACKAGE_URL ""
| #define HAVE_STDIO_H 1
| #define HAVE_STDLIB_H 1
| #define HAVE_STRING_H 1
| #define HAVE_INTTYPES_H 1
| #define HAVE_STDINT_H 1
| #define HAVE_STRINGS_H 1
| #define HAVE_SYS_STAT_H 1
| #define HAVE_SYS_TYPES_H 1
| #define HAVE_UNISTD_H 1
| #define HAVE_SYS_PARAM_H 1
| #define STDC_HEADERS 1
| #define HAVE_DLFCN_H 1
| #define LT_OBJDIR ".libs/"
| #define PACKAGE "libmaxminddb"
| #define VERSION "1.4.3"
| #define restrict __restrict__
| #define HAVE_ARPA_INET_H 1
| #define HAVE_ASSERT_H 1
| #define HAVE_FCNTL_H 1
| #define HAVE_INTTYPES_H 1
| #define HAVE_LIBGEN_H 1
| #define HAVE_MATH_H 1
| #define HAVE_NETDB_H 1
| #define HAVE_NETINET_IN_H 1
| #define HAVE_STDARG_H 1
| #define HAVE_STDBOOL_H 1
| #define HAVE_STDINT_H 1
| #define HAVE_STDIO_H 1
| #define HAVE_STDLIB_H 1
| #define HAVE_STRING_H 1
| #define HAVE_SYS_MMAN_H 1
| #define HAVE_SYS_SOCKET_H 1
| #define HAVE_SYS_STAT_H 1
| #define HAVE_SYS_TIME_H 1
| #define HAVE_SYS_TYPES_H 1
| #define HAVE_UNISTD_H 1
| #define MMDB_UINT128_IS_BYTE_ARRAY 0
| #define HAVE_CLOCK_GETTIME 1
| #define HAVE_OPEN_MEMSTREAM 1
| /* end confdefs.h.  */
| #ifndef __APPLE_CC__
| 	       not a universal capable compiler
| 	     #endif
| 	     typedef int dummy;
| 
configure:13317: gcc -c -g  -fms-extensions  conftest.c >&5
configure:13317: $? = 0
configure:13336: gcc -c -g  -fms-extensions  conftest.c >&5
conftest.c: In function 'main':
conftest.c:55:18: error: unknown type name 'not'; did you mean 'ino_t'?
   55 |                  not big endian
      |                  ^~~
      |                  ino_t
conftest.c:55:26: error: expected '=', ',', ';', 'asm' or '__attribute__' before 'endian'
   55 |                  not big endian
      |                          ^~~~~~
configure:13336: $? = 1
configure: failed program was:
| /* confdefs.h */
| #define PACKAGE_NAME "libmaxminddb"
| #define PACKAGE_TARNAME "libmaxminddb"
| #define PACKAGE_VERSION "1.4.3"
| #define PACKAGE_STRING "libmaxminddb 1.4.3"
| #define PACKAGE_BUGREPORT "support@maxmind.com"
| #define PACKAGE_URL ""
| #define HAVE_STDIO_H 1
| #define HAVE_STDLIB_H 1
| #define HAVE_STRING_H 1
| #define HAVE_INTTYPES_H 1
| #define HAVE_STDINT_H 1
| #define HAVE_STRINGS_H 1
| #define HAVE_SYS_STAT_H 1
| #define HAVE_SYS_TYPES_H 1
| #define HAVE_UNISTD_H 1
| #define HAVE_SYS_PARAM_H 1
| #define STDC_HEADERS 1
| #define HAVE_DLFCN_H 1
| #define LT_OBJDIR ".libs/"
| #define PACKAGE "libmaxminddb"
| #define VERSION "1.4.3"
| #define restrict __restrict__
| #define HAVE_ARPA_INET_H 1
| #define HAVE_ASSERT_H 1
| #define HAVE_FCNTL_H 1
| #define HAVE_INTTYPES_H 1
| #define HAVE_LIBGEN_H 1
| #define HAVE_MATH_H 1
| #define HAVE_NETDB_H 1
| #define HAVE_NETINET_IN_H 1
| #define HAVE_STDARG_H 1
| #define HAVE_STDBOOL_H 1
| #define HAVE_STDINT_H 1
| #define HAVE_STDIO_H 1
| #define HAVE_STDLIB_H 1
| #define HAVE_STRING_H 1
| #define HAVE_SYS_MMAN_H 1
| #define HAVE_SYS_SOCKET_H 1
| #define HAVE_SYS_STAT_H 1
| #define HAVE_SYS_TIME_H 1
| #define HAVE_SYS_TYPES_H 1
| #define HAVE_UNISTD_H 1
| #define MMDB_UINT128_IS_BYTE_ARRAY 0
| #define HAVE_CLOCK_GETTIME 1
| #define HAVE_OPEN_MEMSTREAM 1
| /* end confdefs.h.  */
| #include <sys/types.h>
| 		#include <sys/param.h>
| 
| int
| main (void)
| {
| #if BYTE_ORDER != BIG_ENDIAN
| 		 not big endian
| 		#endif
| 
|   ;
|   return 0;
| }
configure:13470: result: no
configure:13497: checking for getpagesize
configure:13497: gcc -o conftest -g  -fms-extensions   conftest.c  >&5
configure:13497: $? = 0
configure:13497: result: yes
configure:13508: checking for working mmap
configure:13660: gcc -o conftest -g  -fms-extensions   conftest.c  >&5
configure:13660: $? = 0
configure:13660: ./conftest
configure:13660: $? = 0
configure:13671: result: yes
configure:13681: checking for library containing fabs
configure:13711: gcc -o conftest -g  -fms-extensions   conftest.c  >&5
conftest.c:55:6: warning: conflicting types for built-in function 'fabs'; expected 'double(double)' [-Wbuiltin-declaration-mismatch]
   55 | char fabs ();
      |      ^~~~
conftest.c:1:1: note: 'fabs' is declared in header '<math.h>'
    1 | /* confdefs.h */
/usr/bin/ld: /tmp/ccb7XRUt.o: in function `main':
/home/lavanya/tranalyzer2-0.9.3/plugins/geoip/src/MMDB/conftest.c:59:(.text+0xe): undefined reference to `fabs'
collect2: error: ld returned 1 exit status
configure:13711: $? = 1
configure: failed program was:
| /* confdefs.h */
| #define PACKAGE_NAME "libmaxminddb"
| #define PACKAGE_TARNAME "libmaxminddb"
| #define PACKAGE_VERSION "1.4.3"
| #define PACKAGE_STRING "libmaxminddb 1.4.3"
| #define PACKAGE_BUGREPORT "support@maxmind.com"
| #define PACKAGE_URL ""
| #define HAVE_STDIO_H 1
| #define HAVE_STDLIB_H 1
| #define HAVE_STRING_H 1
| #define HAVE_INTTYPES_H 1
| #define HAVE_STDINT_H 1
| #define HAVE_STRINGS_H 1
| #define HAVE_SYS_STAT_H 1
| #define HAVE_SYS_TYPES_H 1
| #define HAVE_UNISTD_H 1
| #define HAVE_SYS_PARAM_H 1
| #define STDC_HEADERS 1
| #define HAVE_DLFCN_H 1
| #define LT_OBJDIR ".libs/"
| #define PACKAGE "libmaxminddb"
| #define VERSION "1.4.3"
| #define restrict __restrict__
| #define HAVE_ARPA_INET_H 1
| #define HAVE_ASSERT_H 1
| #define HAVE_FCNTL_H 1
| #define HAVE_INTTYPES_H 1
| #define HAVE_LIBGEN_H 1
| #define HAVE_MATH_H 1
| #define HAVE_NETDB_H 1
| #define HAVE_NETINET_IN_H 1
| #define HAVE_STDARG_H 1
| #define HAVE_STDBOOL_H 1
| #define HAVE_STDINT_H 1
| #define HAVE_STDIO_H 1
| #define HAVE_STDLIB_H 1
| #define HAVE_STRING_H 1
| #define HAVE_SYS_MMAN_H 1
| #define HAVE_SYS_SOCKET_H 1
| #define HAVE_SYS_STAT_H 1
| #define HAVE_SYS_TIME_H 1
| #define HAVE_SYS_TYPES_H 1
| #define HAVE_UNISTD_H 1
| #define MMDB_UINT128_IS_BYTE_ARRAY 0
| #define HAVE_CLOCK_GETTIME 1
| #define HAVE_OPEN_MEMSTREAM 1
| #define MMDB_LITTLE_ENDIAN 1
| #define HAVE_GETPAGESIZE 1
| #define HAVE_MMAP 1
| /* end confdefs.h.  */
| 
| /* Override any GCC internal prototype to avoid an error.
|    Use char because int might match the return type of a GCC
|    builtin and then its argument prototype would still apply.  */
| char fabs ();
| int
| main (void)
| {
| return fabs ();
|   ;
|   return 0;
| }
configure:13711: gcc -o conftest -g  -fms-extensions   conftest.c -lm   >&5
conftest.c:55:6: warning: conflicting types for built-in function 'fabs'; expected 'double(double)' [-Wbuiltin-declaration-mismatch]
   55 | char fabs ();
      |      ^~~~
conftest.c:1:1: note: 'fabs' is declared in header '<math.h>'
    1 | /* confdefs.h */
configure:13711: $? = 0
configure:13731: result: -lm
configure:13740: checking for library containing fabsf
configure:13770: gcc -o conftest -g  -fms-extensions   conftest.c -lm  >&5
conftest.c:55:6: warning: conflicting types for built-in function 'fabsf'; expected 'float(float)' [-Wbuiltin-declaration-mismatch]
   55 | char fabsf ();
      |      ^~~~~
conftest.c:1:1: note: 'fabsf' is declared in header '<math.h>'
    1 | /* confdefs.h */
configure:13770: $? = 0
configure:13790: result: none required
configure:13799: checking for library containing getaddrinfo
configure:13829: gcc -o conftest -g  -fms-extensions   conftest.c -lm  >&5
configure:13829: $? = 0
configure:13849: result: none required
configure:14017: checking that generated files are newer than configure
configure:14023: result: done
configure:14063: creating ./config.status

## ---------------------- ##
## Running config.status. ##
## ---------------------- ##

This file was extended by libmaxminddb config.status 1.4.3, which was
generated by GNU Autoconf 2.71.  Invocation command line was

  CONFIG_FILES    = 
  CONFIG_HEADERS  = 
  CONFIG_LINKS    = 
  CONFIG_COMMANDS = 
  $ ./config.status 

on DESKTOP-FJ3QCTM

config.status:1124: creating libmaxminddb.pc
config.status:1124: creating Makefile
config.status:1124: creating config.h
config.status:1305: config.h is unchanged
config.status:1124: creating maxminddb_config.h
config.status:1305: maxminddb_config.h is unchanged
config.status:1353: executing libtool commands
config.status:1353: executing depfiles commands
config.status:1979: cd .       && sed -e '/# am--include-marker/d' Makefile         | make -f - am--depfiles
make: Nothing to be done for 'am--depfiles'.
config.status:1984: $? = 0

## ---------------- ##
## Cache variables. ##
## ---------------- ##

ac_cv_build=x86_64-pc-linux-gnu
ac_cv_c_bigendian=no
ac_cv_c_compiler_gnu=yes
ac_cv_c_restrict=__restrict__
ac_cv_c_uint32_t=yes
ac_cv_c_uint64_t=yes
ac_cv_c_uint8_t=yes
ac_cv_env_CC_set=
ac_cv_env_CC_value=
ac_cv_env_CFLAGS_set=
ac_cv_env_CFLAGS_value=
ac_cv_env_CPPFLAGS_set=
ac_cv_env_CPPFLAGS_value=
ac_cv_env_LDFLAGS_set=
ac_cv_env_LDFLAGS_value=
ac_cv_env_LIBS_set=
ac_cv_env_LIBS_value=
ac_cv_env_LT_SYS_LIBRARY_PATH_set=
ac_cv_env_LT_SYS_LIBRARY_PATH_value=
ac_cv_env_PKG_CONFIG_LIBDIR_set=
ac_cv_env_PKG_CONFIG_LIBDIR_value=
ac_cv_env_PKG_CONFIG_PATH_set=
ac_cv_env_PKG_CONFIG_PATH_value=
ac_cv_env_PKG_CONFIG_set=
ac_cv_env_PKG_CONFIG_value=
ac_cv_env_build_alias_set=
ac_cv_env_build_alias_value=
ac_cv_env_host_alias_set=
ac_cv_env_host_alias_value=
ac_cv_env_target_alias_set=
ac_cv_env_target_alias_value=
ac_cv_func_clock_gettime=yes
ac_cv_func_getpagesize=yes
ac_cv_func_mmap_fixed_mapped=yes
ac_cv_func_open_memstream=yes
ac_cv_header_arpa_inet_h=yes
ac_cv_header_assert_h=yes
ac_cv_header_dlfcn_h=yes
ac_cv_header_fcntl_h=yes
ac_cv_header_inttypes_h=yes
ac_cv_header_libgen_h=yes
ac_cv_header_math_h=yes
ac_cv_header_netdb_h=yes
ac_cv_header_netinet_in_h=yes
ac_cv_header_stdarg_h=yes
ac_cv_header_stdbool_h=yes
ac_cv_header_stdint_h=yes
ac_cv_header_stdio_h=yes
ac_cv_header_stdlib_h=yes
ac_cv_header_string_h=yes
ac_cv_header_strings_h=yes
ac_cv_header_sys_mman_h=yes
ac_cv_header_sys_param_h=yes
ac_cv_header_sys_socket_h=yes
ac_cv_header_sys_stat_h=yes
ac_cv_header_sys_time_h=yes
ac_cv_header_sys_types_h=yes
ac_cv_header_unistd_h=yes
ac_cv_host=x86_64-pc-linux-gnu
ac_cv_objext=o
ac_cv_path_EGREP='/usr/bin/grep -E'
ac_cv_path_FGREP='/usr/bin/grep -F'
ac_cv_path_GREP=/usr/bin/grep
ac_cv_path_SED=/usr/bin/sed
ac_cv_path_ac_pt_PKG_CONFIG=/usr/bin/pkg-config
ac_cv_path_install='/usr/bin/install -c'
ac_cv_path_lt_DD=/usr/bin/dd
ac_cv_path_mkdir=/usr/bin/mkdir
ac_cv_prog_AWK=gawk
ac_cv_prog_ac_ct_AR=ar
ac_cv_prog_ac_ct_CC=gcc
ac_cv_prog_ac_ct_FILECMD=file
ac_cv_prog_ac_ct_OBJDUMP=objdump
ac_cv_prog_ac_ct_RANLIB=ranlib
ac_cv_prog_ac_ct_STRIP=strip
ac_cv_prog_cc_c11=
ac_cv_prog_cc_g=yes
ac_cv_prog_cc_stdc=
ac_cv_prog_make_make_set=yes
ac_cv_search_fabs=-lm
ac_cv_search_fabsf='none required'
ac_cv_search_getaddrinfo='none required'
ac_cv_type_boolean=no
ac_cv_type_off_t=yes
ac_cv_type_size_t=yes
ac_cv_type_ssize_t=yes
ac_cv_type_unsigned___int128=yes
am_cv_CC_dependencies_compiler_type=gcc3
am_cv_make_support_nested_variables=yes
am_cv_prog_cc_c_o=yes
lt_cv_ar_at_file=@
lt_cv_archive_cmds_need_lc=no
lt_cv_deplibs_check_method=pass_all
lt_cv_file_magic_cmd='$MAGIC_CMD'
lt_cv_file_magic_test_file=
lt_cv_ld_reload_flag=-r
lt_cv_nm_interface='BSD nm'
lt_cv_objdir=.libs
lt_cv_path_LD=/usr/bin/ld
lt_cv_path_NM='/usr/bin/nm -B'
lt_cv_path_mainfest_tool=no
lt_cv_prog_compiler_c_o=yes
lt_cv_prog_compiler_pic='-fPIC -DPIC'
lt_cv_prog_compiler_pic_works=yes
lt_cv_prog_compiler_rtti_exceptions=no
lt_cv_prog_compiler_static_works=yes
lt_cv_prog_gnu_ld=yes
lt_cv_sharedlib_from_linklib_cmd='printf %s\n'
lt_cv_shlibpath_overrides_runpath=yes
lt_cv_sys_global_symbol_pipe='/usr/bin/sed -n -e '\''s/^.*[	 ]\([ABCDGIRSTW][ABCDGIRSTW]*\)[	 ][	 ]*\([_A-Za-z][_A-Za-z0-9]*\)$/\1 \2 \2/p'\'' | /usr/bin/sed '\''/ __gnu_lto/d'\'''
lt_cv_sys_global_symbol_to_c_name_address='/usr/bin/sed -n -e '\''s/^: \(.*\) .*$/  {"\1", (void *) 0},/p'\'' -e '\''s/^[ABCDGIRSTW][ABCDGIRSTW]* .* \(.*\)$/  {"\1", (void *) \&\1},/p'\'''
lt_cv_sys_global_symbol_to_c_name_address_lib_prefix='/usr/bin/sed -n -e '\''s/^: \(.*\) .*$/  {"\1", (void *) 0},/p'\'' -e '\''s/^[ABCDGIRSTW][ABCDGIRSTW]* .* \(lib.*\)$/  {"\1", (void *) \&\1},/p'\'' -e '\''s/^[ABCDGIRSTW][ABCDGIRSTW]* .* \(.*\)$/  {"lib\1", (void *) \&\1},/p'\'''
lt_cv_sys_global_symbol_to_cdecl='/usr/bin/sed -n -e '\''s/^T .* \(.*\)$/extern int \1();/p'\'' -e '\''s/^[ABCDGIRSTW][ABCDGIRSTW]* .* \(.*\)$/extern char \1;/p'\'''
lt_cv_sys_global_symbol_to_import=
lt_cv_sys_max_cmd_len=1572864
lt_cv_to_host_file_cmd=func_convert_file_noop
lt_cv_to_tool_file_cmd=func_convert_file_noop
lt_cv_truncate_bin='/usr/bin/dd bs=4096 count=1'

## ----------------- ##
## Output variables. ##
## ----------------- ##

ACLOCAL='${SHELL} '\''/home/lavanya/tranalyzer2-0.9.3/plugins/geoip/src/MMDB/missing'\'' aclocal-1.16'
AMDEPBACKSLASH='\'
AMDEP_FALSE='#'
AMDEP_TRUE=''
AMTAR='$${TAR-tar}'
AM_BACKSLASH='\'
AM_DEFAULT_V='$(AM_DEFAULT_VERBOSITY)'
AM_DEFAULT_VERBOSITY='1'
AM_V='$(V)'
AR='ar'
AUTOCONF='${SHELL} '\''/home/lavanya/tranalyzer2-0.9.3/plugins/geoip/src/MMDB/missing'\'' autoconf'
AUTOHEADER='${SHELL} '\''/home/lavanya/tranalyzer2-0.9.3/plugins/geoip/src/MMDB/missing'\'' autoheader'
AUTOMAKE='${SHELL} '\''/home/lavanya/tranalyzer2-0.9.3/plugins/geoip/src/MMDB/missing'\'' automake-1.16'
AWK='gawk'
BINARIES_FALSE='#'
BINARIES_TRUE=''
CC='gcc'
CCDEPMODE='depmode=gcc3'
CFLAGS='-g  -fms-extensions'
CPPFLAGS=''
CSCOPE='cscope'
CTAGS='ctags'
CYGPATH_W='echo'
DEBUG_FALSE=''
DEBUG_TRUE='#'
DEFS='-DHAVE_CONFIG_H'
DEPDIR='.deps'
DLLTOOL='false'
DSYMUTIL=''
DUMPBIN=''
ECHO_C=''
ECHO_N='-n'
ECHO_T=''
EGREP='/usr/bin/grep -E'
ETAGS='etags'
EXEEXT=''
FGREP='/usr/bin/grep -F'
FILECMD='file'
GREP='/usr/bin/grep'
INSTALL_DATA='${INSTALL} -m 644'
INSTALL_PROGRAM='${INSTALL}'
INSTALL_SCRIPT='${INSTALL}'
INSTALL_STRIP_PROGRAM='$(install_sh) -c -s'
LD='/usr/bin/ld -m elf_x86_64'
LDFLAGS=''
LIBOBJS=''
LIBS='-lm '
LIBTOOL='$(SHELL) $(top_builddir)/libtool'
LIPO=''
LN_S='ln -s'
LTLIBOBJS=''
LT_SYS_LIBRARY_PATH=''
MAKEINFO='${SHELL} '\''/home/lavanya/tranalyzer2-0.9.3/plugins/geoip/src/MMDB/missing'\'' makeinfo'
MANIFEST_TOOL=':'
MKDIR_P='/usr/bin/mkdir -p'
NM='/usr/bin/nm -B'
NMEDIT=''
OBJDUMP='objdump'
OBJEXT='o'
OTOOL64=''
OTOOL=''
PACKAGE='libmaxminddb'
PACKAGE_BUGREPORT='support@maxmind.com'
PACKAGE_NAME='libmaxminddb'
PACKAGE_STRING='libmaxminddb 1.4.3'
PACKAGE_TARNAME='libmaxminddb'
PACKAGE_URL=''
PACKAGE_VERSION='1.4.3'
PATH_SEPARATOR=':'
PKG_CONFIG='/usr/bin/pkg-config'
PKG_CONFIG_LIBDIR=''
PKG_CONFIG_PATH=''
RANLIB='ranlib'
SED='/usr/bin/sed'
SET_MAKE=''
SHELL='/bin/bash'
STRIP='strip'
TESTS_FALSE='#'
TESTS_TRUE=''
VERSION='1.4.3'
WINDOWS_FALSE=''
WINDOWS_TRUE='#'
ac_ct_AR='ar'
ac_ct_CC='gcc'
ac_ct_DUMPBIN=''
am__EXEEXT_FALSE=''
am__EXEEXT_TRUE='#'
am__fastdepCC_FALSE='#'
am__fastdepCC_TRUE=''
am__include='include'
am__isrc=''
am__leading_dot='.'
am__nodep='_no'
am__quote=''
am__tar='$${TAR-tar} chof - "$$tardir"'
am__untar='$${TAR-tar} xf -'
bindir='${exec_prefix}/bin'
build='x86_64-pc-linux-gnu'
build_alias=''
build_cpu='x86_64'
build_os='linux-gnu'
build_vendor='pc'
datadir='${datarootdir}'
datarootdir='${prefix}/share'
docdir='${datarootdir}/doc/${PACKAGE_TARNAME}'
dvidir='${docdir}'
exec_prefix='${prefix}'
host='x86_64-pc-linux-gnu'
host_alias=''
host_cpu='x86_64'
host_os='linux-gnu'
host_vendor='pc'
htmldir='${docdir}'
includedir='${prefix}/include'
infodir='${datarootdir}/info'
install_sh='${SHELL} /home/lavanya/tranalyzer2-0.9.3/plugins/geoip/src/MMDB/install-sh'
libdir='${exec_prefix}/lib'
libexecdir='${exec_prefix}/libexec'
localedir='${datarootdir}/locale'
localstatedir='${prefix}/var'
mandir='${datarootdir}/man'
mkdir_p='$(MKDIR_P)'
oldincludedir='/usr/include'
pdfdir='${docdir}'
pkgconfigdir='${libdir}/pkgconfig'
prefix='/usr/local'
program_transform_name='s,x,x,'
psdir='${docdir}'
runstatedir='${localstatedir}/run'
sbindir='${exec_prefix}/sbin'
sharedstatedir='${prefix}/com'
sysconfdir='${prefix}/etc'
target_alias=''

## ----------- ##
## confdefs.h. ##
## ----------- ##

/* confdefs.h */
#define PACKAGE_NAME "libmaxminddb"
#define PACKAGE_TARNAME "libmaxminddb"
#define PACKAGE_VERSION "1.4.3"
#define PACKAGE_STRING "libmaxminddb 1.4.3"
#define PACKAGE_BUGREPORT "support@maxmind.com"
#define PACKAGE_URL ""
#define HAVE_STDIO_H 1
#define HAVE_STDLIB_H 1
#define HAVE_STRING_H 1
#define HAVE_INTTYPES_H 1
#define HAVE_STDINT_H 1
#define HAVE_STRINGS_H 1
#define HAVE_SYS_STAT_H 1
#define HAVE_SYS_TYPES_H 1
#define HAVE_UNISTD_H 1
#define HAVE_SYS_PARAM_H 1
#define STDC_HEADERS 1
#define HAVE_DLFCN_H 1
#define LT_OBJDIR ".libs/"
#define PACKAGE "libmaxminddb"
#define VERSION "1.4.3"
#define restrict __restrict__
#define HAVE_ARPA_INET_H 1
#define HAVE_ASSERT_H 1
#define HAVE_FCNTL_H 1
#define HAVE_INTTYPES_H 1
#define HAVE_LIBGEN_H 1
#define HAVE_MATH_H 1
#define HAVE_NETDB_H 1
#define HAVE_NETINET_IN_H 1
#define HAVE_STDARG_H 1
#define HAVE_STDBOOL_H 1
#define HAVE_STDINT_H 1
#define HAVE_STDIO_H 1
#define HAVE_STDLIB_H 1
#define HAVE_STRING_H 1
#define HAVE_SYS_MMAN_H 1
#define HAVE_SYS_SOCKET_H 1
#define HAVE_SYS_STAT_H 1
#define HAVE_SYS_TIME_H 1
#define HAVE_SYS_TYPES_H 1
#define HAVE_UNISTD_H 1
#define MMDB_UINT128_IS_BYTE_ARRAY 0
#define HAVE_CLOCK_GETTIME 1
#define HAVE_OPEN_MEMSTREAM 1
#define MMDB_LITTLE_ENDIAN 1
#define HAVE_GETPAGESIZE 1
#define HAVE_MMAP 1

configure: exit 0
