This file contains any messages produced by compilers while
running configure, to aid debugging if configure makes a mistake.

It was created by libndpi configure 4.10.0, which was
generated by GNU Autoconf 2.71.  Invocation command line was

  $ ./configure --with-only-libndpi

## --------- ##
## Platform. ##
## --------- ##

hostname = DESKTOP-FJ3QCTM
uname -m = x86_64
uname -r = 6.6.87.2-microsoft-standard-WSL2
uname -s = Linux
uname -v = #1 SMP PREEMPT_DYNAMIC Thu Jun  5 18:30:46 UTC 2025

/usr/bin/uname -p = x86_64
/bin/uname -X     = unknown

/bin/arch              = x86_64
/usr/bin/arch -k       = unknown
/usr/convex/getsysinfo = unknown
/usr/bin/hostinfo      = unknown
/bin/machine           = unknown
/usr/bin/oslevel       = unknown
/bin/universe          = unknown

PATH: /home/lavanya/tranalyzer2-0.9.3/tranalyzer-dashboard/venv/bin/
PATH: /usr/local/sbin/
PATH: /usr/local/bin/
PATH: /usr/sbin/
PATH: /usr/bin/
PATH: /sbin/
PATH: /bin/
PATH: /usr/games/
PATH: /usr/local/games/
PATH: /usr/lib/wsl/lib/
PATH: /mnt/c/Program Files (x86)/VMware/VMware Player/bin/
PATH: /mnt/c/Python312/Scripts/
PATH: /mnt/c/Python312/
PATH: /mnt/c/Program Files (x86)/Python37-32/Scripts/
PATH: /mnt/c/Program Files (x86)/Python37-32/
PATH: /mnt/c/Program Files/Common Files/Oracle/Java/javapath/
PATH: /mnt/c/Program Files (x86)/Common Files/Oracle/Java/java8path/
PATH: /mnt/c/Program Files (x86)/Common Files/Oracle/Java/javapath/
PATH: /mnt/c/Windows/system32/
PATH: /mnt/c/Windows/
PATH: /mnt/c/Windows/System32/Wbem/
PATH: /mnt/c/Windows/System32/WindowsPowerShell/v1.0/
PATH: /mnt/c/Windows/System32/OpenSSH/
PATH: /mnt/c/Users/LAVANYA/AppData/Local/Microsoft/WindowsApps/
PATH: /mnt/c/ProgramData/chocolatey/bin/
PATH: /mnt/c/Program Files/MongoDB/Server/8.0/bin/
PATH: /mnt/c/Users/LAVANYA/Downloads/apache-maven-3.9.9-bin/apache-maven-3.9.9/bin/
PATH: /mnt/c/Program Files/apache-maven-3.9.9-bin/apache-maven-3.9.9/bin/
PATH: /mnt/c/Users/LAVANYA/AppData/Roaming/nvm/
PATH: /mnt/c/Program Files/nodejs/
PATH: /mnt/c/Program Files/Amazon/AWSCLIV2/
PATH: /mnt/c/Program Files/PuTTY/
PATH: /mnt/c/Program Files/Docker/Docker/resources/bin/
PATH: /mnt/c/Program Files/Git/cmd/
PATH: /mnt/c/Program Files/Graphviz/bin/
PATH: /mnt/c/Program Files/Graphviz/bin/
PATH: /mnt/c/Users/LAVANYA/AppData/Local/Programs/Python/Python313/Scripts/
PATH: /mnt/c/Users/LAVANYA/AppData/Local/Programs/Python/Python313/
PATH: /mnt/c/Users/LAVANYA/AppData/Local/Programs/Python/Python37/Scripts/
PATH: /mnt/c/Users/LAVANYA/AppData/Local/Programs/Python/Python37/
PATH: /mnt/c/Users/LAVANYA/AppData/Local/Programs/Microsoft VS Code/bin/
PATH: /mnt/c/Program Files/JetBrains/IntelliJ IDEA 2023.2.2/bin/
PATH: /mnt/c/Users/LAVANYA/AppData/Roaming/npm/
PATH: /mnt/c/Program Files/mongosh/
PATH: /mnt/c/Program Files (x86)/Java/jre-1.8/bin/
PATH: /mnt/c/Users/LAVANYA/Downloads/apache-maven-3.9.9-bin/
PATH: /mnt/c/Users/LAVANYA/AppData/Local/Programs/cursor/resources/app/bin/
PATH: /snap/bin/


## ----------- ##
## Core tests. ##
## ----------- ##

configure:2882: looking for aux files: config.guess config.sub ltmain.sh compile missing install-sh
configure:2895:  trying ././
configure:2924:   ././config.guess found
configure:2924:   ././config.sub found
configure:2924:   ././ltmain.sh found
configure:2924:   ././compile found
configure:2924:   ././missing found
configure:2906:   ././install-sh found
configure:3057: checking for a BSD-compatible install
configure:3130: result: /usr/bin/install -c
configure:3141: checking whether build environment is sane
configure:3196: result: yes
configure:3355: checking for a race-free mkdir -p
configure:3399: result: /usr/bin/mkdir -p
configure:3406: checking for gawk
configure:3427: found /usr/bin/gawk
configure:3438: result: gawk
configure:3449: checking whether make sets $(MAKE)
configure:3472: result: yes
configure:3502: checking whether make supports nested variables
configure:3520: result: yes
configure:3866: checking whether make supports the include directive
configure:3881: make -f confmf.GNU && cat confinc.out
this is the am__doit target
configure:3884: $? = 0
configure:3903: result: yes (GNU style)
configure:3979: checking for gcc
configure:4000: found /usr/bin/gcc
configure:4011: result: gcc
configure:4364: checking for C compiler version
configure:4373: gcc --version >&5
gcc (Ubuntu 13.3.0-6ubuntu2~24.04) 13.3.0
Copyright (C) 2023 Free Software Foundation, Inc.
This is free software; see the source for copying conditions.  There is NO
warranty; not even for MERCHANTABILITY or FITNESS FOR A PARTICULAR PURPOSE.

configure:4384: $? = 0
configure:4373: gcc -v >&5
Using built-in specs.
COLLECT_GCC=gcc
COLLECT_LTO_WRAPPER=/usr/libexec/gcc/x86_64-linux-gnu/13/lto-wrapper
OFFLOAD_TARGET_NAMES=nvptx-none:amdgcn-amdhsa
OFFLOAD_TARGET_DEFAULT=1
Target: x86_64-linux-gnu
Configured with: ../src/configure -v --with-pkgversion='Ubuntu 13.3.0-6ubuntu2~24.04' --with-bugurl=file:///usr/share/doc/gcc-13/README.Bugs --enable-languages=c,ada,c++,go,d,fortran,objc,obj-c++,m2 --prefix=/usr --with-gcc-major-version-only --program-suffix=-13 --program-prefix=x86_64-linux-gnu- --enable-shared --enable-linker-build-id --libexecdir=/usr/libexec --without-included-gettext --enable-threads=posix --libdir=/usr/lib --enable-nls --enable-bootstrap --enable-clocale=gnu --enable-libstdcxx-debug --enable-libstdcxx-time=yes --with-default-libstdcxx-abi=new --enable-libstdcxx-backtrace --enable-gnu-unique-object --disable-vtable-verify --enable-plugin --enable-default-pie --with-system-zlib --enable-libphobos-checking=release --with-target-system-zlib=auto --enable-objc-gc=auto --enable-multiarch --disable-werror --enable-cet --with-arch-32=i686 --with-abi=m64 --with-multilib-list=m32,m64,mx32 --enable-multilib --with-tune=generic --enable-offload-targets=nvptx-none=/build/gcc-13-fG75Ri/gcc-13-13.3.0/debian/tmp-nvptx/usr,amdgcn-amdhsa=/build/gcc-13-fG75Ri/gcc-13-13.3.0/debian/tmp-gcn/usr --enable-offload-defaulted --without-cuda-driver --enable-checking=release --build=x86_64-linux-gnu --host=x86_64-linux-gnu --target=x86_64-linux-gnu --with-build-config=bootstrap-lto-lean --enable-link-serialization=2
Thread model: posix
Supported LTO compression algorithms: zlib zstd
gcc version 13.3.0 (Ubuntu 13.3.0-6ubuntu2~24.04) 
... rest of stderr output deleted ...
configure:4384: $? = 0
configure:4373: gcc -V >&5
gcc: error: unrecognized command-line option '-V'
gcc: fatal error: no input files
compilation terminated.
configure:4384: $? = 1
configure:4373: gcc -qversion >&5
gcc: error: unrecognized command-line option '-qversion'; did you mean '--version'?
gcc: fatal error: no input files
compilation terminated.
configure:4384: $? = 1
configure:4373: gcc -version >&5
gcc: error: unrecognized command-line option '-version'
gcc: fatal error: no input files
compilation terminated.
configure:4384: $? = 1
configure:4404: checking whether the C compiler works
configure:4426: gcc -DNDPI_LIB_COMPILATION   conftest.c  >&5
configure:4430: $? = 0
configure:4480: result: yes
configure:4483: checking for C compiler default output file name
configure:4485: result: a.out
configure:4491: checking for suffix of executables
configure:4498: gcc -o conftest -DNDPI_LIB_COMPILATION   conftest.c  >&5
configure:4502: $? = 0
configure:4525: result: 
configure:4547: checking whether we are cross compiling
configure:4555: gcc -o conftest -DNDPI_LIB_COMPILATION   conftest.c  >&5
configure:4559: $? = 0
configure:4566: ./conftest
configure:4570: $? = 0
configure:4585: result: no
configure:4590: checking for suffix of object files
configure:4613: gcc -c -DNDPI_LIB_COMPILATION  conftest.c >&5
configure:4617: $? = 0
configure:4639: result: o
configure:4643: checking whether the compiler supports GNU C
configure:4663: gcc -c -DNDPI_LIB_COMPILATION  conftest.c >&5
configure:4663: $? = 0
configure:4673: result: yes
configure:4684: checking whether gcc accepts -g
configure:4705: gcc -c -g  conftest.c >&5
configure:4705: $? = 0
configure:4749: result: yes
configure:4769: checking for gcc option to enable C11 features
configure:4784: gcc  -c -DNDPI_LIB_COMPILATION  conftest.c >&5
configure:4784: $? = 0
configure:4802: result: none needed
configure:4918: checking whether gcc understands -c and -o together
configure:4941: gcc -c conftest.c -o conftest2.o
configure:4944: $? = 0
configure:4941: gcc -c conftest.c -o conftest2.o
configure:4944: $? = 0
configure:4956: result: yes
configure:4975: checking dependency style of gcc
configure:5087: result: gcc3
configure:5231: checking build system type
configure:5246: result: x86_64-pc-linux-gnu
configure:5266: checking host system type
configure:5280: result: x86_64-pc-linux-gnu
configure:5321: checking how to print strings
configure:5348: result: printf
configure:5369: checking for a sed that does not truncate output
configure:5439: result: /usr/bin/sed
configure:5457: checking for grep that handles long lines and -e
configure:5521: result: /usr/bin/grep
configure:5526: checking for egrep
configure:5594: result: /usr/bin/grep -E
configure:5599: checking for fgrep
configure:5667: result: /usr/bin/grep -F
configure:5703: checking for ld used by gcc
configure:5771: result: /usr/bin/ld
configure:5778: checking if the linker (/usr/bin/ld) is GNU ld
configure:5794: result: yes
configure:5806: checking for BSD- or MS-compatible name lister (nm)
configure:5861: result: /usr/bin/nm -B
configure:6001: checking the name lister (/usr/bin/nm -B) interface
configure:6009: gcc -c -DNDPI_LIB_COMPILATION  conftest.c >&5
configure:6012: /usr/bin/nm -B "conftest.o"
configure:6015: output
0000000000000000 B some_variable
configure:6022: result: BSD nm
configure:6025: checking whether ln -s works
configure:6029: result: yes
configure:6037: checking the maximum length of command line arguments
configure:6169: result: 1572864
configure:6217: checking how to convert x86_64-pc-linux-gnu file names to x86_64-pc-linux-gnu format
configure:6258: result: func_convert_file_noop
configure:6265: checking how to convert x86_64-pc-linux-gnu file names to toolchain format
configure:6286: result: func_convert_file_noop
configure:6293: checking for /usr/bin/ld option to reload object files
configure:6301: result: -r
configure:6380: checking for file
configure:6401: found /usr/bin/file
configure:6412: result: file
configure:6488: checking for objdump
configure:6509: found /usr/bin/objdump
configure:6520: result: objdump
configure:6552: checking how to recognize dependent libraries
configure:6753: result: pass_all
configure:6843: checking for dlltool
configure:6878: result: no
configure:6908: checking how to associate runtime and link libraries
configure:6936: result: printf %s\n
configure:7001: checking for ar
configure:7022: found /usr/bin/ar
configure:7033: result: ar
configure:7086: checking for archiver @FILE support
configure:7104: gcc -c -DNDPI_LIB_COMPILATION  conftest.c >&5
configure:7104: $? = 0
configure:7108: ar cr libconftest.a @conftest.lst >&5
configure:7111: $? = 0
configure:7116: ar cr libconftest.a @conftest.lst >&5
ar: conftest.o: No such file or directory
configure:7119: $? = 1
configure:7131: result: @
configure:7194: checking for strip
configure:7215: found /usr/bin/strip
configure:7226: result: strip
configure:7303: checking for ranlib
configure:7324: found /usr/bin/ranlib
configure:7335: result: ranlib
configure:7437: checking command to parse /usr/bin/nm -B output from gcc object
configure:7591: gcc -c -DNDPI_LIB_COMPILATION  conftest.c >&5
configure:7594: $? = 0
configure:7598: /usr/bin/nm -B conftest.o | /usr/bin/sed -n -e 's/^.*[	 ]\([ABCDGIRSTW][ABCDGIRSTW]*\)[	 ][	 ]*\([_A-Za-z][_A-Za-z0-9]*\)$/\1 \2 \2/p' | /usr/bin/sed '/ __gnu_lto/d' > conftest.nm
configure:7664: gcc -o conftest -DNDPI_LIB_COMPILATION   conftest.c conftstm.o >&5
configure:7667: $? = 0
configure:7705: result: ok
configure:7752: checking for sysroot
configure:7783: result: no
configure:7790: checking for a working dd
configure:7834: result: /usr/bin/dd
configure:7838: checking how to truncate binary pipes
configure:7854: result: /usr/bin/dd bs=4096 count=1
configure:7991: gcc -c -DNDPI_LIB_COMPILATION  conftest.c >&5
configure:7994: $? = 0
configure:8191: checking for mt
configure:8226: result: no
configure:8246: checking if : is a manifest tool
configure:8253: : '-?'
configure:8261: result: no
configure:8986: checking for stdio.h
configure:8986: gcc -c -DNDPI_LIB_COMPILATION  conftest.c >&5
configure:8986: $? = 0
configure:8986: result: yes
configure:8986: checking for stdlib.h
configure:8986: gcc -c -DNDPI_LIB_COMPILATION  conftest.c >&5
configure:8986: $? = 0
configure:8986: result: yes
configure:8986: checking for string.h
configure:8986: gcc -c -DNDPI_LIB_COMPILATION  conftest.c >&5
configure:8986: $? = 0
configure:8986: result: yes
configure:8986: checking for inttypes.h
configure:8986: gcc -c -DNDPI_LIB_COMPILATION  conftest.c >&5
configure:8986: $? = 0
configure:8986: result: yes
configure:8986: checking for stdint.h
configure:8986: gcc -c -DNDPI_LIB_COMPILATION  conftest.c >&5
configure:8986: $? = 0
configure:8986: result: yes
configure:8986: checking for strings.h
configure:8986: gcc -c -DNDPI_LIB_COMPILATION  conftest.c >&5
configure:8986: $? = 0
configure:8986: result: yes
configure:8986: checking for sys/stat.h
configure:8986: gcc -c -DNDPI_LIB_COMPILATION  conftest.c >&5
configure:8986: $? = 0
configure:8986: result: yes
configure:8986: checking for sys/types.h
configure:8986: gcc -c -DNDPI_LIB_COMPILATION  conftest.c >&5
configure:8986: $? = 0
configure:8986: result: yes
configure:8986: checking for unistd.h
configure:8986: gcc -c -DNDPI_LIB_COMPILATION  conftest.c >&5
configure:8986: $? = 0
configure:8986: result: yes
configure:9011: checking for dlfcn.h
configure:9011: gcc -c -DNDPI_LIB_COMPILATION  conftest.c >&5
configure:9011: $? = 0
configure:9011: result: yes
configure:9270: checking for objdir
configure:9286: result: .libs
configure:9550: checking if gcc supports -fno-rtti -fno-exceptions
configure:9569: gcc -c -DNDPI_LIB_COMPILATION  -fno-rtti -fno-exceptions conftest.c >&5
cc1: warning: command-line option '-fno-rtti' is valid for C++/D/ObjC++ but not for C
configure:9573: $? = 0
configure:9586: result: no
configure:9950: checking for gcc option to produce PIC
configure:9958: result: -fPIC -DPIC
configure:9966: checking if gcc PIC flag -fPIC -DPIC works
configure:9985: gcc -c -DNDPI_LIB_COMPILATION  -fPIC -DPIC -DPIC conftest.c >&5
configure:9989: $? = 0
configure:10002: result: yes
configure:10031: checking if gcc static flag -static works
configure:10060: result: yes
configure:10075: checking if gcc supports -c -o file.o
configure:10097: gcc -c -DNDPI_LIB_COMPILATION  -o out/conftest2.o conftest.c >&5
configure:10101: $? = 0
configure:10123: result: yes
configure:10131: checking if gcc supports -c -o file.o
configure:10179: result: yes
configure:10212: checking whether the gcc linker (/usr/bin/ld -m elf_x86_64) supports shared libraries
configure:11486: result: yes
configure:11523: checking whether -lc should be explicitly linked in
configure:11532: gcc -c -DNDPI_LIB_COMPILATION  conftest.c >&5
configure:11535: $? = 0
configure:11550: gcc -shared  -fPIC -DPIC conftest.o  -v -Wl,-soname -Wl,conftest -o conftest 2\>\&1 \| /usr/bin/grep  -lc  \>/dev/null 2\>\&1
configure:11553: $? = 0
configure:11567: result: no
configure:11727: checking dynamic linker characteristics
configure:12309: gcc -o conftest -DNDPI_LIB_COMPILATION   -Wl,-rpath -Wl,/foo conftest.c  >&5
configure:12309: $? = 0
configure:12560: result: GNU/Linux ld.so
configure:12682: checking how to hardcode library paths into programs
configure:12707: result: immediate
configure:13259: checking whether stripping libraries is possible
configure:13268: result: yes
configure:13310: checking if libtool supports shared libraries
configure:13312: result: yes
configure:13315: checking whether to build shared libraries
configure:13340: result: yes
configure:13343: checking whether to build static libraries
configure:13347: result: yes
configure:13472: checking for cos in -lm
configure:13495: gcc -o conftest -DNDPI_LIB_COMPILATION   conftest.c -lm   >&5
conftest.c:27:6: warning: conflicting types for built-in function 'cos'; expected 'double(double)' [-Wbuiltin-declaration-mismatch]
   27 | char cos ();
      |      ^~~
conftest.c:1:1: note: 'cos' is declared in header '<math.h>'
    1 | /* confdefs.h */
configure:13495: $? = 0
configure:13505: result: yes
configure:13575: checking for pkg-config
configure:13598: found /usr/bin/pkg-config
configure:13610: result: /usr/bin/pkg-config
configure:13635: checking pkg-config is at least version 0.9.0
configure:13638: result: yes
configure:13700: checking for gcc
configure:13732: result: gcc
configure:14085: checking for C compiler version
configure:14094: gcc --version >&5
gcc (Ubuntu 13.3.0-6ubuntu2~24.04) 13.3.0
Copyright (C) 2023 Free Software Foundation, Inc.
This is free software; see the source for copying conditions.  There is NO
warranty; not even for MERCHANTABILITY or FITNESS FOR A PARTICULAR PURPOSE.

configure:14105: $? = 0
configure:14094: gcc -v >&5
Using built-in specs.
COLLECT_GCC=gcc
COLLECT_LTO_WRAPPER=/usr/libexec/gcc/x86_64-linux-gnu/13/lto-wrapper
OFFLOAD_TARGET_NAMES=nvptx-none:amdgcn-amdhsa
OFFLOAD_TARGET_DEFAULT=1
Target: x86_64-linux-gnu
Configured with: ../src/configure -v --with-pkgversion='Ubuntu 13.3.0-6ubuntu2~24.04' --with-bugurl=file:///usr/share/doc/gcc-13/README.Bugs --enable-languages=c,ada,c++,go,d,fortran,objc,obj-c++,m2 --prefix=/usr --with-gcc-major-version-only --program-suffix=-13 --program-prefix=x86_64-linux-gnu- --enable-shared --enable-linker-build-id --libexecdir=/usr/libexec --without-included-gettext --enable-threads=posix --libdir=/usr/lib --enable-nls --enable-bootstrap --enable-clocale=gnu --enable-libstdcxx-debug --enable-libstdcxx-time=yes --with-default-libstdcxx-abi=new --enable-libstdcxx-backtrace --enable-gnu-unique-object --disable-vtable-verify --enable-plugin --enable-default-pie --with-system-zlib --enable-libphobos-checking=release --with-target-system-zlib=auto --enable-objc-gc=auto --enable-multiarch --disable-werror --enable-cet --with-arch-32=i686 --with-abi=m64 --with-multilib-list=m32,m64,mx32 --enable-multilib --with-tune=generic --enable-offload-targets=nvptx-none=/build/gcc-13-fG75Ri/gcc-13-13.3.0/debian/tmp-nvptx/usr,amdgcn-amdhsa=/build/gcc-13-fG75Ri/gcc-13-13.3.0/debian/tmp-gcn/usr --enable-offload-defaulted --without-cuda-driver --enable-checking=release --build=x86_64-linux-gnu --host=x86_64-linux-gnu --target=x86_64-linux-gnu --with-build-config=bootstrap-lto-lean --enable-link-serialization=2
Thread model: posix
Supported LTO compression algorithms: zlib zstd
gcc version 13.3.0 (Ubuntu 13.3.0-6ubuntu2~24.04) 
... rest of stderr output deleted ...
configure:14105: $? = 0
configure:14094: gcc -V >&5
gcc: error: unrecognized command-line option '-V'
gcc: fatal error: no input files
compilation terminated.
configure:14105: $? = 1
configure:14094: gcc -qversion >&5
gcc: error: unrecognized command-line option '-qversion'; did you mean '--version'?
gcc: fatal error: no input files
compilation terminated.
configure:14105: $? = 1
configure:14094: gcc -version >&5
gcc: error: unrecognized command-line option '-version'
gcc: fatal error: no input files
compilation terminated.
configure:14105: $? = 1
configure:14109: checking whether the compiler supports GNU C
configure:14139: result: yes
configure:14150: checking whether gcc accepts -g
configure:14215: result: yes
configure:14235: checking for gcc option to enable C11 features
configure:14268: result: none needed
configure:14384: checking whether gcc understands -c and -o together
configure:14422: result: yes
configure:14441: checking dependency style of gcc
configure:14553: result: gcc3
configure:14573: checking how to run the C preprocessor
configure:14599: gcc -E  conftest.c
configure:14599: $? = 0
configure:14614: gcc -E  conftest.c
conftest.c:23:10: fatal error: ac_nonexistent.h: No such file or directory
   23 | #include <ac_nonexistent.h>
      |          ^~~~~~~~~~~~~~~~~~
compilation terminated.
configure:14614: $? = 1
configure: failed program was:
| /* confdefs.h */
| #define PACKAGE_NAME "libndpi"
| #define PACKAGE_TARNAME "libndpi"
| #define PACKAGE_VERSION "4.10.0"
| #define PACKAGE_STRING "libndpi 4.10.0"
| #define PACKAGE_BUGREPORT ""
| #define PACKAGE_URL ""
| #define PACKAGE "libndpi"
| #define VERSION "4.10.0"
| #define HAVE_STDIO_H 1
| #define HAVE_STDLIB_H 1
| #define HAVE_STRING_H 1
| #define HAVE_INTTYPES_H 1
| #define HAVE_STDINT_H 1
| #define HAVE_STRINGS_H 1
| #define HAVE_SYS_STAT_H 1
| #define HAVE_SYS_TYPES_H 1
| #define HAVE_UNISTD_H 1
| #define STDC_HEADERS 1
| #define HAVE_DLFCN_H 1
| #define LT_OBJDIR ".libs/"
| /* end confdefs.h.  */
| #include <ac_nonexistent.h>
configure:14641: result: gcc -E
configure:14655: gcc -E  conftest.c
configure:14655: $? = 0
configure:14670: gcc -E  conftest.c
conftest.c:23:10: fatal error: ac_nonexistent.h: No such file or directory
   23 | #include <ac_nonexistent.h>
      |          ^~~~~~~~~~~~~~~~~~
compilation terminated.
configure:14670: $? = 1
configure: failed program was:
| /* confdefs.h */
| #define PACKAGE_NAME "libndpi"
| #define PACKAGE_TARNAME "libndpi"
| #define PACKAGE_VERSION "4.10.0"
| #define PACKAGE_STRING "libndpi 4.10.0"
| #define PACKAGE_BUGREPORT ""
| #define PACKAGE_URL ""
| #define PACKAGE "libndpi"
| #define VERSION "4.10.0"
| #define HAVE_STDIO_H 1
| #define HAVE_STDLIB_H 1
| #define HAVE_STRING_H 1
| #define HAVE_INTTYPES_H 1
| #define HAVE_STDINT_H 1
| #define HAVE_STRINGS_H 1
| #define HAVE_SYS_STAT_H 1
| #define HAVE_SYS_TYPES_H 1
| #define HAVE_UNISTD_H 1
| #define STDC_HEADERS 1
| #define HAVE_DLFCN_H 1
| #define LT_OBJDIR ".libs/"
| /* end confdefs.h.  */
| #include <ac_nonexistent.h>
configure:14701: checking for inline
configure:14718: gcc -c -DNDPI_LIB_COMPILATION  conftest.c >&5
configure:14718: $? = 0
configure:14727: result: inline
configure:18597: checking whether gcc and cc understand -c and -o together
configure:18629: gcc -c conftest.c -o conftest2.o >&5
configure:18633: $? = 0
configure:18639: gcc -c conftest.c -o conftest2.o >&5
configure:18643: $? = 0
configure:18654: cc -c conftest.c >&5
configure:18658: $? = 0
configure:18666: cc -c conftest.c -o conftest2.o >&5
configure:18670: $? = 0
configure:18676: cc -c conftest.c -o conftest2.o >&5
configure:18680: $? = 0
configure:18698: result: yes
configure:18771: checking for g++
configure:18792: found /usr/bin/g++
configure:18803: result: g++
configure:18830: checking for C++ compiler version
configure:18839: g++ --version >&5
g++ (Ubuntu 13.3.0-6ubuntu2~24.04) 13.3.0
Copyright (C) 2023 Free Software Foundation, Inc.
This is free software; see the source for copying conditions.  There is NO
warranty; not even for MERCHANTABILITY or FITNESS FOR A PARTICULAR PURPOSE.

configure:18850: $? = 0
configure:18839: g++ -v >&5
Using built-in specs.
COLLECT_GCC=g++
COLLECT_LTO_WRAPPER=/usr/libexec/gcc/x86_64-linux-gnu/13/lto-wrapper
OFFLOAD_TARGET_NAMES=nvptx-none:amdgcn-amdhsa
OFFLOAD_TARGET_DEFAULT=1
Target: x86_64-linux-gnu
Configured with: ../src/configure -v --with-pkgversion='Ubuntu 13.3.0-6ubuntu2~24.04' --with-bugurl=file:///usr/share/doc/gcc-13/README.Bugs --enable-languages=c,ada,c++,go,d,fortran,objc,obj-c++,m2 --prefix=/usr --with-gcc-major-version-only --program-suffix=-13 --program-prefix=x86_64-linux-gnu- --enable-shared --enable-linker-build-id --libexecdir=/usr/libexec --without-included-gettext --enable-threads=posix --libdir=/usr/lib --enable-nls --enable-bootstrap --enable-clocale=gnu --enable-libstdcxx-debug --enable-libstdcxx-time=yes --with-default-libstdcxx-abi=new --enable-libstdcxx-backtrace --enable-gnu-unique-object --disable-vtable-verify --enable-plugin --enable-default-pie --with-system-zlib --enable-libphobos-checking=release --with-target-system-zlib=auto --enable-objc-gc=auto --enable-multiarch --disable-werror --enable-cet --with-arch-32=i686 --with-abi=m64 --with-multilib-list=m32,m64,mx32 --enable-multilib --with-tune=generic --enable-offload-targets=nvptx-none=/build/gcc-13-fG75Ri/gcc-13-13.3.0/debian/tmp-nvptx/usr,amdgcn-amdhsa=/build/gcc-13-fG75Ri/gcc-13-13.3.0/debian/tmp-gcn/usr --enable-offload-defaulted --without-cuda-driver --enable-checking=release --build=x86_64-linux-gnu --host=x86_64-linux-gnu --target=x86_64-linux-gnu --with-build-config=bootstrap-lto-lean --enable-link-serialization=2
Thread model: posix
Supported LTO compression algorithms: zlib zstd
gcc version 13.3.0 (Ubuntu 13.3.0-6ubuntu2~24.04) 
... rest of stderr output deleted ...
configure:18850: $? = 0
configure:18839: g++ -V >&5
g++: error: unrecognized command-line option '-V'
g++: fatal error: no input files
compilation terminated.
configure:18850: $? = 1
configure:18839: g++ -qversion >&5
g++: error: unrecognized command-line option '-qversion'; did you mean '--version'?
g++: fatal error: no input files
compilation terminated.
configure:18850: $? = 1
configure:18854: checking whether the compiler supports GNU C++
configure:18874: g++ -c   conftest.cpp >&5
configure:18874: $? = 0
configure:18884: result: yes
configure:18895: checking whether g++ accepts -g
configure:18916: g++ -c -g  conftest.cpp >&5
configure:18916: $? = 0
configure:18960: result: yes
configure:18980: checking for g++ option to enable C++11 features
configure:18995: g++  -c -g -O2  conftest.cpp >&5
conftest.cpp: In function 'int main(int, char**)':
conftest.cpp:189:25: warning: empty parentheses were disambiguated as a function declaration [-Wvexing-parse]
  189 |   cxx11test::delegate d2();
      |                         ^~
conftest.cpp:189:25: note: remove parentheses to default-initialize a variable
  189 |   cxx11test::delegate d2();
      |                         ^~
      |                         --
conftest.cpp:189:25: note: or replace parentheses with braces to value-initialize a variable
configure:18995: $? = 0
configure:19013: result: none needed
configure:19079: checking dependency style of g++
configure:19191: result: gcc3
configure:19256: checking for ar
configure:19288: result: ar
configure:19314: checking whether roaring v3 works
configure:19330: gcc -c -DNDPI_LIB_COMPILATION  conftest.c >&5
configure:19330: $? = 0
configure:19333: result: yes
configure:20350: checking for netinet/in.h
configure:20350: gcc -c -DNDPI_LIB_COMPILATION  conftest.c >&5
configure:20350: $? = 0
configure:20350: result: yes
configure:20356: checking for stdint.h
configure:20356: result: yes
configure:20362: checking for stdlib.h
configure:20362: result: yes
configure:20368: checking for string.h
configure:20368: result: yes
configure:20374: checking for unistd.h
configure:20374: result: yes
configure:20380: checking for math.h
configure:20380: gcc -c -DNDPI_LIB_COMPILATION  conftest.c >&5
configure:20380: $? = 0
configure:20380: result: yes
configure:20386: checking for float.h
configure:20386: gcc -c -DNDPI_LIB_COMPILATION  conftest.c >&5
configure:20386: $? = 0
configure:20386: result: yes
configure:20393: checking for sqrt in -lm
configure:20416: gcc -o conftest -DNDPI_LIB_COMPILATION   conftest.c -lm   >&5
conftest.c:39:6: warning: conflicting types for built-in function 'sqrt'; expected 'double(double)' [-Wbuiltin-declaration-mismatch]
   39 | char sqrt ();
      |      ^~~~
conftest.c:1:1: note: 'sqrt' is declared in header '<math.h>'
    1 | /* confdefs.h */
configure:20416: $? = 0
configure: failed program was:
| /* confdefs.h */
| #define PACKAGE_NAME "libndpi"
| #define PACKAGE_TARNAME "libndpi"
| #define PACKAGE_VERSION "4.10.0"
| #define PACKAGE_STRING "libndpi 4.10.0"
| #define PACKAGE_BUGREPORT ""
| #define PACKAGE_URL ""
| #define PACKAGE "libndpi"
| #define VERSION "4.10.0"
| #define HAVE_STDIO_H 1
| #define HAVE_STDLIB_H 1
| #define HAVE_STRING_H 1
| #define HAVE_INTTYPES_H 1
| #define HAVE_STDINT_H 1
| #define HAVE_STRINGS_H 1
| #define HAVE_SYS_STAT_H 1
| #define HAVE_SYS_TYPES_H 1
| #define HAVE_UNISTD_H 1
| #define STDC_HEADERS 1
| #define HAVE_DLFCN_H 1
| #define LT_OBJDIR ".libs/"
| #define NDPI_MAJOR_RELEASE "4"
| #define NDPI_MINOR_RELEASE "10"
| #define NDPI_PATCH_LEVEL "0"
| #define NDPI_GIT_RELEASE "4.10.0"
| #define NDPI_GIT_DATE "Thu Nov 21 19:01:51 UTC 2024"
| #define HAVE_NETINET_IN_H 1
| #define HAVE_STDINT_H 1
| #define HAVE_STDLIB_H 1
| #define HAVE_STRING_H 1
| #define HAVE_UNISTD_H 1
| #define HAVE_MATH_H 1
| #define HAVE_FLOAT_H 1
| /* end confdefs.h.  */
| 
| /* Override any GCC internal prototype to avoid an error.
|    Use char because int might match the return type of a GCC
|    builtin and then its argument prototype would still apply.  */
| char sqrt ();
| int
| main (void)
| {
| return sqrt ();
|   ;
|   return 0;
| }
configure:20426: result: no
configure:20438: checking for rrd_fetch_r in -lrrd
configure:20461: gcc -o conftest -DNDPI_LIB_COMPILATION   conftest.c -lrrd   >&5
/usr/bin/ld: cannot find -lrrd: No such file or directory
collect2: error: ld returned 1 exit status
configure:20461: $? = 1
configure: failed program was:
| /* confdefs.h */
| #define PACKAGE_NAME "libndpi"
| #define PACKAGE_TARNAME "libndpi"
| #define PACKAGE_VERSION "4.10.0"
| #define PACKAGE_STRING "libndpi 4.10.0"
| #define PACKAGE_BUGREPORT ""
| #define PACKAGE_URL ""
| #define PACKAGE "libndpi"
| #define VERSION "4.10.0"
| #define HAVE_STDIO_H 1
| #define HAVE_STDLIB_H 1
| #define HAVE_STRING_H 1
| #define HAVE_INTTYPES_H 1
| #define HAVE_STDINT_H 1
| #define HAVE_STRINGS_H 1
| #define HAVE_SYS_STAT_H 1
| #define HAVE_SYS_TYPES_H 1
| #define HAVE_UNISTD_H 1
| #define STDC_HEADERS 1
| #define HAVE_DLFCN_H 1
| #define LT_OBJDIR ".libs/"
| #define NDPI_MAJOR_RELEASE "4"
| #define NDPI_MINOR_RELEASE "10"
| #define NDPI_PATCH_LEVEL "0"
| #define NDPI_GIT_RELEASE "4.10.0"
| #define NDPI_GIT_DATE "Thu Nov 21 19:01:51 UTC 2024"
| #define HAVE_NETINET_IN_H 1
| #define HAVE_STDINT_H 1
| #define HAVE_STDLIB_H 1
| #define HAVE_STRING_H 1
| #define HAVE_UNISTD_H 1
| #define HAVE_MATH_H 1
| #define HAVE_FLOAT_H 1
| /* end confdefs.h.  */
| 
| /* Override any GCC internal prototype to avoid an error.
|    Use char because int might match the return type of a GCC
|    builtin and then its argument prototype would still apply.  */
| char rrd_fetch_r ();
| int
| main (void)
| {
| return rrd_fetch_r ();
|   ;
|   return 0;
| }
configure:20471: result: no
configure:20490: checking for pthread_mutex_init in -lpthread
configure:20513: gcc -o conftest -DNDPI_LIB_COMPILATION   conftest.c -lpthread   >&5
configure:20513: $? = 0
configure:20523: result: yes
configure:20543: checking DPDK (used by ndpiReader)
configure:20550: result: no (missing /home/lavanya/DPDK)
configure:20561: checking for numa_available in -lnuma
configure:20584: gcc -o conftest -DNDPI_LIB_COMPILATION   conftest.c -lnuma  -lpthread  >&5
/usr/bin/ld: cannot find -lnuma: No such file or directory
collect2: error: ld returned 1 exit status
configure:20584: $? = 1
configure: failed program was:
| /* confdefs.h */
| #define PACKAGE_NAME "libndpi"
| #define PACKAGE_TARNAME "libndpi"
| #define PACKAGE_VERSION "4.10.0"
| #define PACKAGE_STRING "libndpi 4.10.0"
| #define PACKAGE_BUGREPORT ""
| #define PACKAGE_URL ""
| #define PACKAGE "libndpi"
| #define VERSION "4.10.0"
| #define HAVE_STDIO_H 1
| #define HAVE_STDLIB_H 1
| #define HAVE_STRING_H 1
| #define HAVE_INTTYPES_H 1
| #define HAVE_STDINT_H 1
| #define HAVE_STRINGS_H 1
| #define HAVE_SYS_STAT_H 1
| #define HAVE_SYS_TYPES_H 1
| #define HAVE_UNISTD_H 1
| #define STDC_HEADERS 1
| #define HAVE_DLFCN_H 1
| #define LT_OBJDIR ".libs/"
| #define NDPI_MAJOR_RELEASE "4"
| #define NDPI_MINOR_RELEASE "10"
| #define NDPI_PATCH_LEVEL "0"
| #define NDPI_GIT_RELEASE "4.10.0"
| #define NDPI_GIT_DATE "Thu Nov 21 19:01:51 UTC 2024"
| #define HAVE_NETINET_IN_H 1
| #define HAVE_STDINT_H 1
| #define HAVE_STDLIB_H 1
| #define HAVE_STRING_H 1
| #define HAVE_UNISTD_H 1
| #define HAVE_MATH_H 1
| #define HAVE_FLOAT_H 1
| #define HAVE_LIBPTHREAD 1
| /* end confdefs.h.  */
| 
| /* Override any GCC internal prototype to avoid an error.
|    Use char because int might match the return type of a GCC
|    builtin and then its argument prototype would still apply.  */
| char numa_available ();
| int
| main (void)
| {
| return numa_available ();
|   ;
|   return 0;
| }
configure:20594: result: no
configure:20606: checking PF_RING nBPF (/home/lavanya/tranalyzer2-0.9.3/plugins/nDPI/src/nDPI/../PF_RING/userland/nbpf)
configure:20619: result: no
configure:21788: checking for pthread_setaffinity_np in -lpthread
configure:21811: gcc -o conftest -DNDPI_LIB_COMPILATION   conftest.c -lpthread  -lpthread  >&5
configure:21811: $? = 0
configure:21821: result: yes
configure:22201: checking that generated files are newer than configure
configure:22207: result: done
configure:22258: creating ./config.status

## ---------------------- ##
## Running config.status. ##
## ---------------------- ##

This file was extended by libndpi config.status 4.10.0, which was
generated by GNU Autoconf 2.71.  Invocation command line was

  CONFIG_FILES    = 
  CONFIG_HEADERS  = 
  CONFIG_LINKS    = 
  CONFIG_COMMANDS = 
  $ ./config.status 

on DESKTOP-FJ3QCTM

config.status:1220: creating Makefile
config.status:1220: creating libndpi.pc
config.status:1220: creating src/include/ndpi_define.h
config.status:1220: creating src/lib/Makefile
config.status:1220: creating src/include/ndpi_config.h
config.status:1449: executing depfiles commands
config.status:1526: cd src/lib       && sed -e '/# am--include-marker/d' Makefile         | make -f - am--depfiles
config.status:1531: $? = 0
config.status:1449: executing libtool commands

## ---------------- ##
## Cache variables. ##
## ---------------- ##

ac_cv_build=x86_64-pc-linux-gnu
ac_cv_c_compiler_gnu=yes
ac_cv_c_inline=inline
ac_cv_cxx_compiler_gnu=yes
ac_cv_env_CCC_set=
ac_cv_env_CCC_value=
ac_cv_env_CC_set=
ac_cv_env_CC_value=
ac_cv_env_CFLAGS_set=set
ac_cv_env_CFLAGS_value=-DNDPI_LIB_COMPILATION
ac_cv_env_CPPFLAGS_set=
ac_cv_env_CPPFLAGS_value=
ac_cv_env_CPP_set=
ac_cv_env_CPP_value=
ac_cv_env_CXXCPP_set=
ac_cv_env_CXXCPP_value=
ac_cv_env_CXXFLAGS_set=
ac_cv_env_CXXFLAGS_value=
ac_cv_env_CXX_set=
ac_cv_env_CXX_value=
ac_cv_env_JSONC_CFLAGS_set=
ac_cv_env_JSONC_CFLAGS_value=
ac_cv_env_JSONC_LIBS_set=
ac_cv_env_JSONC_LIBS_value=
ac_cv_env_LDFLAGS_set=
ac_cv_env_LDFLAGS_value=
ac_cv_env_LIBS_set=
ac_cv_env_LIBS_value=
ac_cv_env_LT_SYS_LIBRARY_PATH_set=
ac_cv_env_LT_SYS_LIBRARY_PATH_value=
ac_cv_env_PCAP_CFLAGS_set=
ac_cv_env_PCAP_CFLAGS_value=
ac_cv_env_PCAP_LIBS_set=
ac_cv_env_PCAP_LIBS_value=
ac_cv_env_PKG_CONFIG_LIBDIR_set=
ac_cv_env_PKG_CONFIG_LIBDIR_value=
ac_cv_env_PKG_CONFIG_PATH_set=
ac_cv_env_PKG_CONFIG_PATH_value=
ac_cv_env_PKG_CONFIG_set=
ac_cv_env_PKG_CONFIG_value=
ac_cv_env_PROFILER_CFLAGS_set=
ac_cv_env_PROFILER_CFLAGS_value=
ac_cv_env_PROFILER_LIBS_set=
ac_cv_env_PROFILER_LIBS_value=
ac_cv_env_TCMALLOC_CFLAGS_set=
ac_cv_env_TCMALLOC_CFLAGS_value=
ac_cv_env_TCMALLOC_LIBS_set=
ac_cv_env_TCMALLOC_LIBS_value=
ac_cv_env_build_alias_set=
ac_cv_env_build_alias_value=
ac_cv_env_host_alias_set=
ac_cv_env_host_alias_value=
ac_cv_env_target_alias_set=
ac_cv_env_target_alias_value=
ac_cv_header_dlfcn_h=yes
ac_cv_header_float_h=yes
ac_cv_header_inttypes_h=yes
ac_cv_header_math_h=yes
ac_cv_header_netinet_in_h=yes
ac_cv_header_stdint_h=yes
ac_cv_header_stdio_h=yes
ac_cv_header_stdlib_h=yes
ac_cv_header_string_h=yes
ac_cv_header_strings_h=yes
ac_cv_header_sys_stat_h=yes
ac_cv_header_sys_types_h=yes
ac_cv_header_unistd_h=yes
ac_cv_host=x86_64-pc-linux-gnu
ac_cv_lib_m_cos=yes
ac_cv_lib_m_sqrt=no
ac_cv_lib_numa_numa_available=no
ac_cv_lib_pthread_pthread_mutex_init=yes
ac_cv_lib_pthread_pthread_setaffinity_np=yes
ac_cv_lib_rrd_rrd_fetch_r=no
ac_cv_objext=o
ac_cv_path_EGREP='/usr/bin/grep -E'
ac_cv_path_FGREP='/usr/bin/grep -F'
ac_cv_path_GREP=/usr/bin/grep
ac_cv_path_SED=/usr/bin/sed
ac_cv_path_ac_pt_PKG_CONFIG=/usr/bin/pkg-config
ac_cv_path_install='/usr/bin/install -c'
ac_cv_path_lt_DD=/usr/bin/dd
ac_cv_path_mkdir=/usr/bin/mkdir
ac_cv_prog_AWK=gawk
ac_cv_prog_CPP='gcc -E'
ac_cv_prog_ac_ct_AR=ar
ac_cv_prog_ac_ct_CC=gcc
ac_cv_prog_ac_ct_CXX=g++
ac_cv_prog_ac_ct_FILECMD=file
ac_cv_prog_ac_ct_OBJDUMP=objdump
ac_cv_prog_ac_ct_RANLIB=ranlib
ac_cv_prog_ac_ct_STRIP=strip
ac_cv_prog_cc_c11=
ac_cv_prog_cc_g=yes
ac_cv_prog_cc_gcc_c_o=yes
ac_cv_prog_cc_stdc=
ac_cv_prog_cxx_cxx11=
ac_cv_prog_cxx_g=yes
ac_cv_prog_cxx_stdcxx=
ac_cv_prog_make_make_set=yes
am_cv_CC_dependencies_compiler_type=gcc3
am_cv_CXX_dependencies_compiler_type=gcc3
am_cv_make_support_nested_variables=yes
am_cv_prog_cc_c_o=yes
lt_cv_ar_at_file=@
lt_cv_archive_cmds_need_lc=no
lt_cv_deplibs_check_method=pass_all
lt_cv_file_magic_cmd='$MAGIC_CMD'
lt_cv_file_magic_test_file=
lt_cv_ld_reload_flag=-r
lt_cv_nm_interface='BSD nm'
lt_cv_objdir=.libs
lt_cv_path_LD=/usr/bin/ld
lt_cv_path_NM='/usr/bin/nm -B'
lt_cv_path_mainfest_tool=no
lt_cv_prog_compiler_c_o=yes
lt_cv_prog_compiler_pic='-fPIC -DPIC'
lt_cv_prog_compiler_pic_works=yes
lt_cv_prog_compiler_rtti_exceptions=no
lt_cv_prog_compiler_static_works=yes
lt_cv_prog_gnu_ld=yes
lt_cv_sharedlib_from_linklib_cmd='printf %s\n'
lt_cv_shlibpath_overrides_runpath=yes
lt_cv_sys_global_symbol_pipe='/usr/bin/sed -n -e '\''s/^.*[	 ]\([ABCDGIRSTW][ABCDGIRSTW]*\)[	 ][	 ]*\([_A-Za-z][_A-Za-z0-9]*\)$/\1 \2 \2/p'\'' | /usr/bin/sed '\''/ __gnu_lto/d'\'''
lt_cv_sys_global_symbol_to_c_name_address='/usr/bin/sed -n -e '\''s/^: \(.*\) .*$/  {"\1", (void *) 0},/p'\'' -e '\''s/^[ABCDGIRSTW][ABCDGIRSTW]* .* \(.*\)$/  {"\1", (void *) \&\1},/p'\'''
lt_cv_sys_global_symbol_to_c_name_address_lib_prefix='/usr/bin/sed -n -e '\''s/^: \(.*\) .*$/  {"\1", (void *) 0},/p'\'' -e '\''s/^[ABCDGIRSTW][ABCDGIRSTW]* .* \(lib.*\)$/  {"\1", (void *) \&\1},/p'\'' -e '\''s/^[ABCDGIRSTW][ABCDGIRSTW]* .* \(.*\)$/  {"lib\1", (void *) \&\1},/p'\'''
lt_cv_sys_global_symbol_to_cdecl='/usr/bin/sed -n -e '\''s/^T .* \(.*\)$/extern int \1();/p'\'' -e '\''s/^[ABCDGIRSTW][ABCDGIRSTW]* .* \(.*\)$/extern char \1;/p'\'''
lt_cv_sys_global_symbol_to_import=
lt_cv_sys_max_cmd_len=1572864
lt_cv_to_host_file_cmd=func_convert_file_noop
lt_cv_to_tool_file_cmd=func_convert_file_noop
lt_cv_truncate_bin='/usr/bin/dd bs=4096 count=1'

## ----------------- ##
## Output variables. ##
## ----------------- ##

ACLOCAL='${SHELL} '\''/home/lavanya/tranalyzer2-0.9.3/plugins/nDPI/src/nDPI/missing'\'' aclocal-1.16'
ADDITIONAL_INCS=''
ADDITIONAL_LIBS='-lm'
AMDEPBACKSLASH='\'
AMDEP_FALSE='#'
AMDEP_TRUE=''
AMTAR='$${TAR-tar}'
AM_BACKSLASH='\'
AM_DEFAULT_V='$(AM_DEFAULT_VERBOSITY)'
AM_DEFAULT_VERBOSITY='1'
AM_V='$(V)'
AR='ar'
AUTOCONF='${SHELL} '\''/home/lavanya/tranalyzer2-0.9.3/plugins/nDPI/src/nDPI/missing'\'' autoconf'
AUTOHEADER='${SHELL} '\''/home/lavanya/tranalyzer2-0.9.3/plugins/nDPI/src/nDPI/missing'\'' autoheader'
AUTOMAKE='${SHELL} '\''/home/lavanya/tranalyzer2-0.9.3/plugins/nDPI/src/nDPI/missing'\'' automake-1.16'
AWK='gawk'
BUILD_FUZZTARGETS='0'
BUILD_FUZZTARGETS_FALSE=''
BUILD_FUZZTARGETS_TRUE='#'
BUILD_MINGW=''
BUILD_MINGW_X64=''
BUILD_UNITTESTS_FALSE=''
BUILD_UNITTESTS_TRUE='#'
CC='gcc'
CCDEPMODE='depmode=gcc3'
CFLAGS='-DNDPI_LIB_COMPILATION'
CPP='gcc -E'
CPPFLAGS=''
CSCOPE='cscope'
CTAGS='ctags'
CUSTOM_NDPI=''
CXX='g++'
CXXCPP=''
CXXDEPMODE='depmode=gcc3'
CXXFLAGS='-g -O2'
CYGPATH_W='echo'
DEFS='-DHAVE_CONFIG_H'
DEPDIR='.deps'
DISABLE_NPCAP='0'
DLLTOOL='false'
DL_LIB=''
DPDK_TARGET=''
DSYMUTIL=''
DUMPBIN=''
ECHO_C=''
ECHO_N='-n'
ECHO_T=''
EGREP='/usr/bin/grep -E'
ETAGS='etags'
EXEEXT=''
EXE_SUFFIX=''
EXTRA_TARGETS=''
FGREP='/usr/bin/grep -F'
FILECMD='file'
GIT_RELEASE='4.10.0'
GLOBAL_CONTEXT_ENABLED='1'
GPROF_CFLAGS=''
GPROF_ENABLED='0'
GPROF_LIBS=''
GREP='/usr/bin/grep'
HANDLE_TLS_SIGS='//'
HAS_FUZZLDFLAGS_FALSE=''
HAS_FUZZLDFLAGS_TRUE='#'
HAVE_PTHREAD_SETAFFINITY_NP=''
INSTALL_DATA='${INSTALL} -m 644'
INSTALL_PROGRAM='${INSTALL}'
INSTALL_SCRIPT='${INSTALL}'
INSTALL_STRIP_PROGRAM='$(install_sh) -c -s'
JSONC_CFLAGS=''
JSONC_LIBS=''
LD='/usr/bin/ld -m elf_x86_64'
LDFLAGS=''
LIBM='-lm'
LIBOBJS=''
LIBRRD=''
LIBS='-lpthread '
LIBTOOL='$(SHELL) $(top_builddir)/libtool'
LIB_FUZZING_ENGINE=''
LIPO=''
LN_S='ln -s'
LTLIBOBJS=''
LT_SYS_LIBRARY_PATH=''
MAKEINFO='${SHELL} '\''/home/lavanya/tranalyzer2-0.9.3/plugins/nDPI/src/nDPI/missing'\'' makeinfo'
MANIFEST_TOOL=':'
MKDIR_P='/usr/bin/mkdir -p'
NBPF_ENABLED='0'
NDPI_API_VERSION='22448'
NDPI_BASE_DIR=''
NDPI_CFLAGS='-W -Wall -Wno-address-of-packed-member  -D_DEFAULT_SOURCE=1 -D_GNU_SOURCE=1 -O2 -DUSE_GLOBAL_CONTEXT'
NDPI_LDFLAGS=''
NDPI_MAJOR='4'
NDPI_MINOR='10'
NDPI_PATCH='0'
NDPI_VERSION_SHORT='4.10.0'
NM='/usr/bin/nm -B'
NMEDIT=''
OBJDUMP='objdump'
OBJEXT='o'
OTOOL64=''
OTOOL=''
PACKAGE='libndpi'
PACKAGE_BUGREPORT=''
PACKAGE_NAME='libndpi'
PACKAGE_STRING='libndpi 4.10.0'
PACKAGE_TARNAME='libndpi'
PACKAGE_URL=''
PACKAGE_VERSION='4.10.0'
PATH_SEPARATOR=':'
PCAP_CFLAGS=''
PCAP_INC=''
PCAP_LIB=''
PCAP_LIBS=''
PCRE2_ENABLED='0'
PKG_CONFIG='/usr/bin/pkg-config'
PKG_CONFIG_LIBDIR=''
PKG_CONFIG_PATH=''
PROFILER_CFLAGS=''
PROFILER_LIBS=''
PTHREAD_CC=''
PTHREAD_CFLAGS=''
PTHREAD_CXX=''
PTHREAD_LIBS=''
RANLIB='ranlib'
SED='/usr/bin/sed'
SET_MAKE=''
SHELL='/bin/bash'
STRIP='strip'
TCMALLOC_CFLAGS=''
TCMALLOC_LIBS=''
USE_HOST_LIBGCRYPT='0'
VERSION='4.10.0'
ac_ct_AR='ar'
ac_ct_CC='gcc'
ac_ct_CXX='g++'
ac_ct_DUMPBIN=''
am__EXEEXT_FALSE=''
am__EXEEXT_TRUE='#'
am__fastdepCC_FALSE='#'
am__fastdepCC_TRUE=''
am__fastdepCXX_FALSE='#'
am__fastdepCXX_TRUE=''
am__include='include'
am__isrc=''
am__leading_dot='.'
am__nodep='_no'
am__quote=''
am__tar='$${TAR-tar} chof - "$$tardir"'
am__untar='$${TAR-tar} xf -'
ax_pthread_config=''
bindir='${exec_prefix}/bin'
build='x86_64-pc-linux-gnu'
build_alias=''
build_cpu='x86_64'
build_os='linux-gnu'
build_vendor='pc'
datadir='${datarootdir}'
datarootdir='${prefix}/share'
docdir='${datarootdir}/doc/${PACKAGE_TARNAME}'
dvidir='${docdir}'
exec_prefix='${prefix}'
host='x86_64-pc-linux-gnu'
host_alias=''
host_cpu='x86_64'
host_os='linux-gnu'
host_vendor='pc'
htmldir='${docdir}'
includedir='${prefix}/include'
infodir='${datarootdir}/info'
install_sh='${SHELL} /home/lavanya/tranalyzer2-0.9.3/plugins/nDPI/src/nDPI/install-sh'
libdir='${exec_prefix}/lib'
libexecdir='${exec_prefix}/libexec'
localedir='${datarootdir}/locale'
localstatedir='${prefix}/var'
mandir='${datarootdir}/man'
mkdir_p='$(MKDIR_P)'
oldincludedir='/usr/include'
pdfdir='${docdir}'
prefix='/usr'
program_transform_name='s,x,x,'
psdir='${docdir}'
runstatedir='${localstatedir}/run'
sbindir='${exec_prefix}/sbin'
sharedstatedir='${prefix}/com'
sysconfdir='${prefix}/etc'
target_alias=''

## ----------- ##
## confdefs.h. ##
## ----------- ##

/* confdefs.h */
#define PACKAGE_NAME "libndpi"
#define PACKAGE_TARNAME "libndpi"
#define PACKAGE_VERSION "4.10.0"
#define PACKAGE_STRING "libndpi 4.10.0"
#define PACKAGE_BUGREPORT ""
#define PACKAGE_URL ""
#define PACKAGE "libndpi"
#define VERSION "4.10.0"
#define HAVE_STDIO_H 1
#define HAVE_STDLIB_H 1
#define HAVE_STRING_H 1
#define HAVE_INTTYPES_H 1
#define HAVE_STDINT_H 1
#define HAVE_STRINGS_H 1
#define HAVE_SYS_STAT_H 1
#define HAVE_SYS_TYPES_H 1
#define HAVE_UNISTD_H 1
#define STDC_HEADERS 1
#define HAVE_DLFCN_H 1
#define LT_OBJDIR ".libs/"
#define NDPI_MAJOR_RELEASE "4"
#define NDPI_MINOR_RELEASE "10"
#define NDPI_PATCH_LEVEL "0"
#define NDPI_GIT_RELEASE "4.10.0"
#define NDPI_GIT_DATE "Thu Nov 21 19:01:51 UTC 2024"
#define HAVE_NETINET_IN_H 1
#define HAVE_STDINT_H 1
#define HAVE_STDLIB_H 1
#define HAVE_STRING_H 1
#define HAVE_UNISTD_H 1
#define HAVE_MATH_H 1
#define HAVE_FLOAT_H 1
#define HAVE_LIBPTHREAD 1
#define HAVE_PTHREAD_SETAFFINITY_NP 1
#define NDPI_BASE_DIR "/home/lavanya/tranalyzer2-0.9.3/plugins/nDPI/src/nDPI"

configure: exit 0
