This file contains any messages produced by compilers while
running configure, to aid debugging if configure makes a mistake.

It was created by CRE2 configure 0.3.6, which was
generated by GNU Autoconf 2.71.  Invocation command line was

  $ ../configure --config-cache --cache-file=../config.cache --enable-static --enable-shared --prefix=/usr/local --libdir=/usr/local/lib64 'CFLAGS=-pedantic -O3 -Wextra' 'CXXFLAGS=-pedantic -O3 -Wextra -fPIC' LDFLAGS=-L/usr/local/lib64

## --------- ##
## Platform. ##
## --------- ##

hostname = DESKTOP-FJ3QCTM
uname -m = x86_64
uname -r = 6.6.87.2-microsoft-standard-WSL2
uname -s = Linux
uname -v = #1 SMP PREEMPT_DYNAMIC Thu Jun  5 18:30:46 UTC 2025

/usr/bin/uname -p = x86_64
/bin/uname -X     = unknown

/bin/arch              = x86_64
/usr/bin/arch -k       = unknown
/usr/convex/getsysinfo = unknown
/usr/bin/hostinfo      = unknown
/bin/machine           = unknown
/usr/bin/oslevel       = unknown
/bin/universe          = unknown

PATH: /home/lavanya/tranalyzer2-0.9.3/tranalyzer-dashboard/venv/bin/
PATH: /usr/local/sbin/
PATH: /usr/local/bin/
PATH: /usr/sbin/
PATH: /usr/bin/
PATH: /sbin/
PATH: /bin/
PATH: /usr/games/
PATH: /usr/local/games/
PATH: /usr/lib/wsl/lib/
PATH: /mnt/c/Program Files (x86)/VMware/VMware Player/bin/
PATH: /mnt/c/Python312/Scripts/
PATH: /mnt/c/Python312/
PATH: /mnt/c/Program Files (x86)/Python37-32/Scripts/
PATH: /mnt/c/Program Files (x86)/Python37-32/
PATH: /mnt/c/Program Files/Common Files/Oracle/Java/javapath/
PATH: /mnt/c/Program Files (x86)/Common Files/Oracle/Java/java8path/
PATH: /mnt/c/Program Files (x86)/Common Files/Oracle/Java/javapath/
PATH: /mnt/c/Windows/system32/
PATH: /mnt/c/Windows/
PATH: /mnt/c/Windows/System32/Wbem/
PATH: /mnt/c/Windows/System32/WindowsPowerShell/v1.0/
PATH: /mnt/c/Windows/System32/OpenSSH/
PATH: /mnt/c/Users/LAVANYA/AppData/Local/Microsoft/WindowsApps/
PATH: /mnt/c/ProgramData/chocolatey/bin/
PATH: /mnt/c/Program Files/MongoDB/Server/8.0/bin/
PATH: /mnt/c/Users/LAVANYA/Downloads/apache-maven-3.9.9-bin/apache-maven-3.9.9/bin/
PATH: /mnt/c/Program Files/apache-maven-3.9.9-bin/apache-maven-3.9.9/bin/
PATH: /mnt/c/Users/LAVANYA/AppData/Roaming/nvm/
PATH: /mnt/c/Program Files/nodejs/
PATH: /mnt/c/Program Files/Amazon/AWSCLIV2/
PATH: /mnt/c/Program Files/PuTTY/
PATH: /mnt/c/Program Files/Docker/Docker/resources/bin/
PATH: /mnt/c/Program Files/Git/cmd/
PATH: /mnt/c/Program Files/Graphviz/bin/
PATH: /mnt/c/Program Files/Graphviz/bin/
PATH: /mnt/c/Users/LAVANYA/AppData/Local/Programs/Python/Python313/Scripts/
PATH: /mnt/c/Users/LAVANYA/AppData/Local/Programs/Python/Python313/
PATH: /mnt/c/Users/LAVANYA/AppData/Local/Programs/Python/Python37/Scripts/
PATH: /mnt/c/Users/LAVANYA/AppData/Local/Programs/Python/Python37/
PATH: /mnt/c/Users/LAVANYA/AppData/Local/Programs/Microsoft VS Code/bin/
PATH: /mnt/c/Program Files/JetBrains/IntelliJ IDEA 2023.2.2/bin/
PATH: /mnt/c/Users/LAVANYA/AppData/Roaming/npm/
PATH: /mnt/c/Program Files/mongosh/
PATH: /mnt/c/Program Files (x86)/Java/jre-1.8/bin/
PATH: /mnt/c/Users/LAVANYA/Downloads/apache-maven-3.9.9-bin/
PATH: /mnt/c/Users/LAVANYA/AppData/Local/Programs/cursor/resources/app/bin/
PATH: /snap/bin/


## ----------- ##
## Core tests. ##
## ----------- ##

configure:2192: creating cache ../config.cache
configure:2744: looking for aux files: ltmain.sh compile ar-lib missing install-sh config.guess config.sub
configure:2757:  trying ../meta/autotools/
configure:2786:   ../meta/autotools/ltmain.sh found
configure:2786:   ../meta/autotools/compile found
configure:2786:   ../meta/autotools/ar-lib found
configure:2786:   ../meta/autotools/missing found
configure:2768:   ../meta/autotools/install-sh found
configure:2786:   ../meta/autotools/config.guess found
configure:2786:   ../meta/autotools/config.sub found
configure:2907: checking build system type
configure:2922: result: x86_64-pc-linux-gnu
configure:2942: checking host system type
configure:2956: result: x86_64-pc-linux-gnu
configure:2976: checking target system type
configure:2990: result: x86_64-pc-linux-gnu
configure:3033: checking for a BSD-compatible install
configure:3106: result: /usr/bin/install -c
configure:3117: checking whether build environment is sane
configure:3172: result: yes
configure:3331: checking for a race-free mkdir -p
configure:3375: result: /usr/bin/mkdir -p
configure:3382: checking for gawk
configure:3403: found /usr/bin/gawk
configure:3414: result: gawk
configure:3425: checking whether make sets $(MAKE)
configure:3448: result: yes
configure:3478: checking whether make supports nested variables
configure:3496: result: yes
configure:3633: checking whether to enable maintainer-specific portions of Makefiles
configure:3643: result: no
configure:3670: checking whether make supports the include directive
configure:3685: make -f confmf.GNU && cat confinc.out
this is the am__doit target
configure:3688: $? = 0
configure:3707: result: yes (GNU style)
configure:3783: checking for gcc
configure:3804: found /usr/bin/gcc
configure:3815: result: gcc
configure:4168: checking for C compiler version
configure:4177: gcc --version >&5
gcc (Ubuntu 13.3.0-6ubuntu2~24.04) 13.3.0
Copyright (C) 2023 Free Software Foundation, Inc.
This is free software; see the source for copying conditions.  There is NO
warranty; not even for MERCHANTABILITY or FITNESS FOR A PARTICULAR PURPOSE.

configure:4188: $? = 0
configure:4177: gcc -v >&5
Using built-in specs.
COLLECT_GCC=gcc
COLLECT_LTO_WRAPPER=/usr/libexec/gcc/x86_64-linux-gnu/13/lto-wrapper
OFFLOAD_TARGET_NAMES=nvptx-none:amdgcn-amdhsa
OFFLOAD_TARGET_DEFAULT=1
Target: x86_64-linux-gnu
Configured with: ../src/configure -v --with-pkgversion='Ubuntu 13.3.0-6ubuntu2~24.04' --with-bugurl=file:///usr/share/doc/gcc-13/README.Bugs --enable-languages=c,ada,c++,go,d,fortran,objc,obj-c++,m2 --prefix=/usr --with-gcc-major-version-only --program-suffix=-13 --program-prefix=x86_64-linux-gnu- --enable-shared --enable-linker-build-id --libexecdir=/usr/libexec --without-included-gettext --enable-threads=posix --libdir=/usr/lib --enable-nls --enable-bootstrap --enable-clocale=gnu --enable-libstdcxx-debug --enable-libstdcxx-time=yes --with-default-libstdcxx-abi=new --enable-libstdcxx-backtrace --enable-gnu-unique-object --disable-vtable-verify --enable-plugin --enable-default-pie --with-system-zlib --enable-libphobos-checking=release --with-target-system-zlib=auto --enable-objc-gc=auto --enable-multiarch --disable-werror --enable-cet --with-arch-32=i686 --with-abi=m64 --with-multilib-list=m32,m64,mx32 --enable-multilib --with-tune=generic --enable-offload-targets=nvptx-none=/build/gcc-13-fG75Ri/gcc-13-13.3.0/debian/tmp-nvptx/usr,amdgcn-amdhsa=/build/gcc-13-fG75Ri/gcc-13-13.3.0/debian/tmp-gcn/usr --enable-offload-defaulted --without-cuda-driver --enable-checking=release --build=x86_64-linux-gnu --host=x86_64-linux-gnu --target=x86_64-linux-gnu --with-build-config=bootstrap-lto-lean --enable-link-serialization=2
Thread model: posix
Supported LTO compression algorithms: zlib zstd
gcc version 13.3.0 (Ubuntu 13.3.0-6ubuntu2~24.04) 
... rest of stderr output deleted ...
configure:4188: $? = 0
configure:4177: gcc -V >&5
gcc: error: unrecognized command-line option '-V'
gcc: fatal error: no input files
compilation terminated.
configure:4188: $? = 1
configure:4177: gcc -qversion >&5
gcc: error: unrecognized command-line option '-qversion'; did you mean '--version'?
gcc: fatal error: no input files
compilation terminated.
configure:4188: $? = 1
configure:4177: gcc -version >&5
gcc: error: unrecognized command-line option '-version'
gcc: fatal error: no input files
compilation terminated.
configure:4188: $? = 1
configure:4208: checking whether the C compiler works
configure:4230: gcc -pedantic -O3 -Wextra  -L/usr/local/lib64 conftest.c  >&5
configure:4234: $? = 0
configure:4284: result: yes
configure:4287: checking for C compiler default output file name
configure:4289: result: a.out
configure:4295: checking for suffix of executables
configure:4302: gcc -o conftest -pedantic -O3 -Wextra  -L/usr/local/lib64 conftest.c  >&5
configure:4306: $? = 0
configure:4329: result: 
configure:4351: checking whether we are cross compiling
configure:4359: gcc -o conftest -pedantic -O3 -Wextra  -L/usr/local/lib64 conftest.c  >&5
configure:4363: $? = 0
configure:4370: ./conftest
configure:4374: $? = 0
configure:4389: result: no
configure:4394: checking for suffix of object files
configure:4417: gcc -c -pedantic -O3 -Wextra  conftest.c >&5
configure:4421: $? = 0
configure:4443: result: o
configure:4447: checking whether the compiler supports GNU C
configure:4467: gcc -c -pedantic -O3 -Wextra  conftest.c >&5
configure:4467: $? = 0
configure:4477: result: yes
configure:4488: checking whether gcc accepts -g
configure:4509: gcc -c -g  conftest.c >&5
configure:4509: $? = 0
configure:4553: result: yes
configure:4573: checking for gcc option to enable C11 features
configure:4588: gcc  -c -pedantic -O3 -Wextra  conftest.c >&5
conftest.c:186:1: warning: '_Noreturn' is not at beginning of declaration [-Wold-style-declaration]
  186 | int _Noreturn does_not_return (void) { for (;;) continue; }
      | ^~~
configure:4588: $? = 0
configure:4606: result: none needed
configure:4722: checking whether gcc understands -c and -o together
configure:4745: gcc -c conftest.c -o conftest2.o
configure:4748: $? = 0
configure:4745: gcc -c conftest.c -o conftest2.o
configure:4748: $? = 0
configure:4760: result: yes
configure:4779: checking dependency style of gcc
configure:4891: result: gcc3
configure:4962: checking for ar
configure:4983: found /usr/bin/ar
configure:4994: result: ar
configure:5020: checking the archiver (ar) interface
configure:5037: gcc -c -pedantic -O3 -Wextra  conftest.c >&5
configure:5037: $? = 0
configure:5040: ar cru libconftest.a conftest.o >&5
ar: `u' modifier ignored since `D' is the default (see `U')
configure:5043: $? = 0
configure:5071: result: ar
configure:5092: checking whether ln -s works
configure:5096: result: yes
configure:5103: checking whether make sets $(MAKE)
configure:5126: result: yes
configure:5185: checking how to print strings
configure:5212: result: printf
configure:5233: checking for a sed that does not truncate output
configure:5303: result: /usr/bin/sed
configure:5321: checking for grep that handles long lines and -e
configure:5385: result: /usr/bin/grep
configure:5390: checking for egrep
configure:5458: result: /usr/bin/grep -E
configure:5463: checking for fgrep
configure:5531: result: /usr/bin/grep -F
configure:5567: checking for ld used by gcc
configure:5635: result: /usr/bin/ld
configure:5642: checking if the linker (/usr/bin/ld) is GNU ld
configure:5658: result: yes
configure:5670: checking for BSD- or MS-compatible name lister (nm)
configure:5725: result: /usr/bin/nm -B
configure:5865: checking the name lister (/usr/bin/nm -B) interface
configure:5873: gcc -c -pedantic -O3 -Wextra  conftest.c >&5
configure:5876: /usr/bin/nm -B "conftest.o"
configure:5879: output
0000000000000000 B some_variable
configure:5886: result: BSD nm
configure:5890: checking the maximum length of command line arguments
configure:6022: result: 1572864
configure:6070: checking how to convert x86_64-pc-linux-gnu file names to x86_64-pc-linux-gnu format
configure:6111: result: func_convert_file_noop
configure:6118: checking how to convert x86_64-pc-linux-gnu file names to toolchain format
configure:6139: result: func_convert_file_noop
configure:6146: checking for /usr/bin/ld option to reload object files
configure:6154: result: -r
configure:6187: checking for file
configure:6208: found /usr/bin/file
configure:6220: result: file
configure:6282: checking for objdump
configure:6303: found /usr/bin/objdump
configure:6314: result: objdump
configure:6346: checking how to recognize dependent libraries
configure:6546: result: pass_all
configure:6636: checking for dlltool
configure:6671: result: no
configure:6701: checking how to associate runtime and link libraries
configure:6729: result: printf %s\n
configure:6879: checking for archiver @FILE support
configure:6897: gcc -c -pedantic -O3 -Wextra  conftest.c >&5
configure:6897: $? = 0
configure:6901: ar cr libconftest.a @conftest.lst >&5
configure:6904: $? = 0
configure:6909: ar cr libconftest.a @conftest.lst >&5
ar: conftest.o: No such file or directory
configure:6912: $? = 1
configure:6924: result: @
configure:6987: checking for strip
configure:7008: found /usr/bin/strip
configure:7019: result: strip
configure:7096: checking for ranlib
configure:7117: found /usr/bin/ranlib
configure:7128: result: ranlib
configure:7223: checking command to parse /usr/bin/nm -B output from gcc object
configure:7377: gcc -c -pedantic -O3 -Wextra  conftest.c >&5
configure:7380: $? = 0
configure:7384: /usr/bin/nm -B conftest.o \| /usr/bin/sed -n -e 's/^.*[ ]\([ABCDGIRSTW][ABCDGIRSTW]*\)[ ][ ]*\([_A-Za-z][_A-Za-z0-9]*\)$/\1 \2 \2/p' | /usr/bin/sed '/ __gnu_lto/d' \> conftest.nm
configure:7387: $? = 0
configure:7453: gcc -o conftest -pedantic -O3 -Wextra  -L/usr/local/lib64 conftest.c conftstm.o >&5
conftest.c:29:20: warning: ISO C forbids conversion of function pointer to object pointer type [-Wpedantic]
   29 |   {"nm_test_func", (void *) &nm_test_func},
      |                    ^
configure:7456: $? = 0
configure:7494: result: ok
configure:7541: checking for sysroot
configure:7574: result: no
configure:7581: checking for a working dd
configure:7625: result: /usr/bin/dd
configure:7629: checking how to truncate binary pipes
configure:7645: result: /usr/bin/dd bs=4096 count=1
configure:7782: gcc -c -pedantic -O3 -Wextra  conftest.c >&5
configure:7785: $? = 0
configure:7982: checking for mt
configure:8017: result: no
configure:8037: checking if : is a manifest tool
configure:8044: : '-?'
configure:8052: result: no
configure:8818: checking for stdio.h
configure:8818: gcc -c -pedantic -O3 -Wextra  conftest.c >&5
configure:8818: $? = 0
configure:8818: result: yes
configure:8818: checking for stdlib.h
configure:8818: gcc -c -pedantic -O3 -Wextra  conftest.c >&5
configure:8818: $? = 0
configure:8818: result: yes
configure:8818: checking for string.h
configure:8818: gcc -c -pedantic -O3 -Wextra  conftest.c >&5
configure:8818: $? = 0
configure:8818: result: yes
configure:8818: checking for inttypes.h
configure:8818: gcc -c -pedantic -O3 -Wextra  conftest.c >&5
configure:8818: $? = 0
configure:8818: result: yes
configure:8818: checking for stdint.h
configure:8818: gcc -c -pedantic -O3 -Wextra  conftest.c >&5
configure:8818: $? = 0
configure:8818: result: yes
configure:8818: checking for strings.h
configure:8818: gcc -c -pedantic -O3 -Wextra  conftest.c >&5
configure:8818: $? = 0
configure:8818: result: yes
configure:8818: checking for sys/stat.h
configure:8818: gcc -c -pedantic -O3 -Wextra  conftest.c >&5
configure:8818: $? = 0
configure:8818: result: yes
configure:8818: checking for sys/types.h
configure:8818: gcc -c -pedantic -O3 -Wextra  conftest.c >&5
configure:8818: $? = 0
configure:8818: result: yes
configure:8818: checking for unistd.h
configure:8818: gcc -c -pedantic -O3 -Wextra  conftest.c >&5
configure:8818: $? = 0
configure:8818: result: yes
configure:8843: checking for dlfcn.h
configure:8843: gcc -c -pedantic -O3 -Wextra  conftest.c >&5
configure:8843: $? = 0
configure:8843: result: yes
configure:9102: checking for objdir
configure:9118: result: .libs
configure:9382: checking if gcc supports -fno-rtti -fno-exceptions
configure:9401: gcc -c -pedantic -O3 -Wextra  -fno-rtti -fno-exceptions conftest.c >&5
cc1: warning: command-line option '-fno-rtti' is valid for C++/D/ObjC++ but not for C
configure:9405: $? = 0
configure:9418: result: no
configure:9782: checking for gcc option to produce PIC
configure:9790: result: -fPIC -DPIC
configure:9798: checking if gcc PIC flag -fPIC -DPIC works
configure:9817: gcc -c -pedantic -O3 -Wextra  -fPIC -DPIC -DPIC conftest.c >&5
configure:9821: $? = 0
configure:9834: result: yes
configure:9863: checking if gcc static flag -static works
configure:9892: result: yes
configure:9907: checking if gcc supports -c -o file.o
configure:9929: gcc -c -pedantic -O3 -Wextra  -o out/conftest2.o conftest.c >&5
configure:9933: $? = 0
configure:9955: result: yes
configure:9963: checking if gcc supports -c -o file.o
configure:10011: result: yes
configure:10044: checking whether the gcc linker (/usr/bin/ld -m elf_x86_64) supports shared libraries
configure:11312: result: yes
configure:11349: checking whether -lc should be explicitly linked in
configure:11358: gcc -c -pedantic -O3 -Wextra  conftest.c >&5
configure:11361: $? = 0
configure:11376: gcc -shared  -fPIC -DPIC conftest.o  -v -Wl,-soname -Wl,conftest -o conftest 2\>\&1 \| /usr/bin/grep  -lc  \>/dev/null 2\>\&1
configure:11379: $? = 0
configure:11393: result: no
configure:11553: checking dynamic linker characteristics
configure:12170: gcc -o conftest -pedantic -O3 -Wextra  -L/usr/local/lib64 -Wl,-rpath -Wl,/foo conftest.c  >&5
configure:12170: $? = 0
configure:12409: result: GNU/Linux ld.so
configure:12531: checking how to hardcode library paths into programs
configure:12556: result: immediate
configure:13108: checking whether stripping libraries is possible
configure:13117: result: yes
configure:13159: checking if libtool supports shared libraries
configure:13161: result: yes
configure:13164: checking whether to build shared libraries
configure:13189: result: yes
configure:13192: checking whether to build static libraries
configure:13196: result: yes
configure:13236: checking whether gcc and cc understand -c and -o together
configure:13268: gcc -c conftest.c -o conftest2.o >&5
configure:13272: $? = 0
configure:13278: gcc -c conftest.c -o conftest2.o >&5
configure:13282: $? = 0
configure:13293: cc -c conftest.c >&5
configure:13297: $? = 0
configure:13305: cc -c conftest.c -o conftest2.o >&5
configure:13309: $? = 0
configure:13315: cc -c conftest.c -o conftest2.o >&5
configure:13319: $? = 0
configure:13337: result: yes
configure:13423: checking for g++
configure:13444: found /usr/bin/g++
configure:13455: result: g++
configure:13482: checking for C++ compiler version
configure:13491: g++ --version >&5
g++ (Ubuntu 13.3.0-6ubuntu2~24.04) 13.3.0
Copyright (C) 2023 Free Software Foundation, Inc.
This is free software; see the source for copying conditions.  There is NO
warranty; not even for MERCHANTABILITY or FITNESS FOR A PARTICULAR PURPOSE.

configure:13502: $? = 0
configure:13491: g++ -v >&5
Using built-in specs.
COLLECT_GCC=g++
COLLECT_LTO_WRAPPER=/usr/libexec/gcc/x86_64-linux-gnu/13/lto-wrapper
OFFLOAD_TARGET_NAMES=nvptx-none:amdgcn-amdhsa
OFFLOAD_TARGET_DEFAULT=1
Target: x86_64-linux-gnu
Configured with: ../src/configure -v --with-pkgversion='Ubuntu 13.3.0-6ubuntu2~24.04' --with-bugurl=file:///usr/share/doc/gcc-13/README.Bugs --enable-languages=c,ada,c++,go,d,fortran,objc,obj-c++,m2 --prefix=/usr --with-gcc-major-version-only --program-suffix=-13 --program-prefix=x86_64-linux-gnu- --enable-shared --enable-linker-build-id --libexecdir=/usr/libexec --without-included-gettext --enable-threads=posix --libdir=/usr/lib --enable-nls --enable-bootstrap --enable-clocale=gnu --enable-libstdcxx-debug --enable-libstdcxx-time=yes --with-default-libstdcxx-abi=new --enable-libstdcxx-backtrace --enable-gnu-unique-object --disable-vtable-verify --enable-plugin --enable-default-pie --with-system-zlib --enable-libphobos-checking=release --with-target-system-zlib=auto --enable-objc-gc=auto --enable-multiarch --disable-werror --enable-cet --with-arch-32=i686 --with-abi=m64 --with-multilib-list=m32,m64,mx32 --enable-multilib --with-tune=generic --enable-offload-targets=nvptx-none=/build/gcc-13-fG75Ri/gcc-13-13.3.0/debian/tmp-nvptx/usr,amdgcn-amdhsa=/build/gcc-13-fG75Ri/gcc-13-13.3.0/debian/tmp-gcn/usr --enable-offload-defaulted --without-cuda-driver --enable-checking=release --build=x86_64-linux-gnu --host=x86_64-linux-gnu --target=x86_64-linux-gnu --with-build-config=bootstrap-lto-lean --enable-link-serialization=2
Thread model: posix
Supported LTO compression algorithms: zlib zstd
gcc version 13.3.0 (Ubuntu 13.3.0-6ubuntu2~24.04) 
... rest of stderr output deleted ...
configure:13502: $? = 0
configure:13491: g++ -V >&5
g++: error: unrecognized command-line option '-V'
g++: fatal error: no input files
compilation terminated.
configure:13502: $? = 1
configure:13491: g++ -qversion >&5
g++: error: unrecognized command-line option '-qversion'; did you mean '--version'?
g++: fatal error: no input files
compilation terminated.
configure:13502: $? = 1
configure:13506: checking whether the compiler supports GNU C++
configure:13526: g++ -c -pedantic -O3 -Wextra -fPIC  conftest.cpp >&5
configure:13526: $? = 0
configure:13536: result: yes
configure:13547: checking whether g++ accepts -g
configure:13568: g++ -c -g  conftest.cpp >&5
configure:13568: $? = 0
configure:13612: result: yes
configure:13632: checking for g++ option to enable C++11 features
configure:13647: g++  -c -pedantic -O3 -Wextra -fPIC  conftest.cpp >&5
conftest.cpp: In function 'int main(int, char**)':
conftest.cpp:189:25: warning: empty parentheses were disambiguated as a function declaration [-Wvexing-parse]
  189 |   cxx11test::delegate d2();
      |                         ^~
conftest.cpp:189:25: note: remove parentheses to default-initialize a variable
  189 |   cxx11test::delegate d2();
      |                         ^~
      |                         --
conftest.cpp:189:25: note: or replace parentheses with braces to value-initialize a variable
configure:13647: $? = 0
configure:13665: result: none needed
configure:13731: checking dependency style of g++
configure:13843: result: gcc3
configure:13876: checking how to run the C++ preprocessor
configure:13898: g++ -E  conftest.cpp
configure:13898: $? = 0
configure:13913: g++ -E  conftest.cpp
conftest.cpp:23:10: fatal error: ac_nonexistent.h: No such file or directory
   23 | #include <ac_nonexistent.h>
      |          ^~~~~~~~~~~~~~~~~~
compilation terminated.
configure:13913: $? = 1
configure: failed program was:
| /* confdefs.h */
| #define PACKAGE_NAME "CRE2"
| #define PACKAGE_TARNAME "cre2"
| #define PACKAGE_VERSION "0.3.6"
| #define PACKAGE_STRING "CRE2 0.3.6"
| #define PACKAGE_BUGREPORT "marco.maggi-ipsu@poste.it"
| #define PACKAGE_URL "http://github.com/marcomaggi/cre2/"
| #define PACKAGE "cre2"
| #define VERSION "0.3.6"
| #define HAVE_STDIO_H 1
| #define HAVE_STDLIB_H 1
| #define HAVE_STRING_H 1
| #define HAVE_INTTYPES_H 1
| #define HAVE_STDINT_H 1
| #define HAVE_STRINGS_H 1
| #define HAVE_SYS_STAT_H 1
| #define HAVE_SYS_TYPES_H 1
| #define HAVE_UNISTD_H 1
| #define STDC_HEADERS 1
| #define HAVE_DLFCN_H 1
| #define LT_OBJDIR ".libs/"
| /* end confdefs.h.  */
| #include <ac_nonexistent.h>
configure:13940: result: g++ -E
configure:13954: g++ -E  conftest.cpp
configure:13954: $? = 0
configure:13969: g++ -E  conftest.cpp
conftest.cpp:23:10: fatal error: ac_nonexistent.h: No such file or directory
   23 | #include <ac_nonexistent.h>
      |          ^~~~~~~~~~~~~~~~~~
compilation terminated.
configure:13969: $? = 1
configure: failed program was:
| /* confdefs.h */
| #define PACKAGE_NAME "CRE2"
| #define PACKAGE_TARNAME "cre2"
| #define PACKAGE_VERSION "0.3.6"
| #define PACKAGE_STRING "CRE2 0.3.6"
| #define PACKAGE_BUGREPORT "marco.maggi-ipsu@poste.it"
| #define PACKAGE_URL "http://github.com/marcomaggi/cre2/"
| #define PACKAGE "cre2"
| #define VERSION "0.3.6"
| #define HAVE_STDIO_H 1
| #define HAVE_STDLIB_H 1
| #define HAVE_STRING_H 1
| #define HAVE_INTTYPES_H 1
| #define HAVE_STDINT_H 1
| #define HAVE_STRINGS_H 1
| #define HAVE_SYS_STAT_H 1
| #define HAVE_SYS_TYPES_H 1
| #define HAVE_UNISTD_H 1
| #define STDC_HEADERS 1
| #define HAVE_DLFCN_H 1
| #define LT_OBJDIR ".libs/"
| /* end confdefs.h.  */
| #include <ac_nonexistent.h>
configure:14134: checking for ld used by g++
configure:14202: result: /usr/bin/ld -m elf_x86_64
configure:14209: checking if the linker (/usr/bin/ld -m elf_x86_64) is GNU ld
configure:14225: result: yes
configure:14279: checking whether the g++ linker (/usr/bin/ld -m elf_x86_64) supports shared libraries
configure:15357: result: yes
configure:15393: g++ -c -pedantic -O3 -Wextra -fPIC  conftest.cpp >&5
configure:15396: $? = 0
configure:15878: checking for g++ option to produce PIC
configure:15886: result: -fPIC -DPIC
configure:15894: checking if g++ PIC flag -fPIC -DPIC works
configure:15913: g++ -c -pedantic -O3 -Wextra -fPIC  -fPIC -DPIC -DPIC conftest.cpp >&5
configure:15917: $? = 0
configure:15930: result: yes
configure:15953: checking if g++ static flag -static works
configure:15982: result: yes
configure:15994: checking if g++ supports -c -o file.o
configure:16016: g++ -c -pedantic -O3 -Wextra -fPIC  -o out/conftest2.o conftest.cpp >&5
configure:16020: $? = 0
configure:16042: result: yes
configure:16047: checking if g++ supports -c -o file.o
configure:16095: result: yes
configure:16125: checking whether the g++ linker (/usr/bin/ld -m elf_x86_64) supports shared libraries
configure:16165: result: yes
configure:16307: checking dynamic linker characteristics
configure:17090: result: GNU/Linux ld.so
configure:17155: checking how to hardcode library paths into programs
configure:17180: result: immediate
configure:17225: checking whether g++ understands -c and -o together
configure:17250: g++ -pedantic -O3 -Wextra -fPIC -c conftest.cpp -o conftest2.o >&5
configure:17254: $? = 0
configure:17261: g++ -pedantic -O3 -Wextra -fPIC -c conftest.cpp -o conftest2.o >&5
configure:17265: $? = 0
configure:17273: result: yes
configure:17294: checking whether g++ supports C++11 features by default
configure:17589: g++ -c -pedantic -O3 -Wextra -fPIC  conftest.cpp >&5
configure:17589: $? = 0
configure:17597: result: yes
configure:18014: checking for pkg-config
configure:18037: found /usr/bin/pkg-config
configure:18049: result: /usr/bin/pkg-config
configure:18074: checking pkg-config is at least version 0.9.0
configure:18077: result: yes
configure:18087: checking for re2
configure:18094: $PKG_CONFIG --exists --print-errors "re2"
configure:18097: $? = 0
configure:18111: $PKG_CONFIG --exists --print-errors "re2"
configure:18114: $? = 0
configure:18172: result: yes
configure:18261: updating cache ../config.cache
configure:18305: checking that generated files are newer than configure
configure:18311: result: done
configure:18342: creating ./config.status

## ---------------------- ##
## Running config.status. ##
## ---------------------- ##

This file was extended by CRE2 config.status 0.3.6, which was
generated by GNU Autoconf 2.71.  Invocation command line was

  CONFIG_FILES    = 
  CONFIG_HEADERS  = 
  CONFIG_LINKS    = 
  CONFIG_COMMANDS = 
  $ ./config.status 

on DESKTOP-FJ3QCTM

config.status:1169: creating Makefile
config.status:1169: creating meta/scripts/cre2.pc
config.status:1169: creating config.h
config.status:1383: executing depfiles commands
config.status:1460: cd .       && sed -e '/# am--include-marker/d' Makefile         | make -f - am--depfiles
config.status:1465: $? = 0
config.status:1383: executing libtool commands

## ---------------- ##
## Cache variables. ##
## ---------------- ##

ac_cv_build=x86_64-pc-linux-gnu
ac_cv_c_compiler_gnu=yes
ac_cv_cxx_compiler_gnu=yes
ac_cv_env_CCC_set=
ac_cv_env_CCC_value=
ac_cv_env_CC_set=
ac_cv_env_CC_value=
ac_cv_env_CFLAGS_set=set
ac_cv_env_CFLAGS_value='-pedantic -O3 -Wextra'
ac_cv_env_CPPFLAGS_set=
ac_cv_env_CPPFLAGS_value=
ac_cv_env_CXXCPP_set=
ac_cv_env_CXXCPP_value=
ac_cv_env_CXXFLAGS_set=set
ac_cv_env_CXXFLAGS_value='-pedantic -O3 -Wextra -fPIC'
ac_cv_env_CXX_set=
ac_cv_env_CXX_value=
ac_cv_env_LDFLAGS_set=set
ac_cv_env_LDFLAGS_value=-L/usr/local/lib64
ac_cv_env_LIBS_set=
ac_cv_env_LIBS_value=
ac_cv_env_LT_SYS_LIBRARY_PATH_set=
ac_cv_env_LT_SYS_LIBRARY_PATH_value=
ac_cv_env_PKG_CONFIG_LIBDIR_set=
ac_cv_env_PKG_CONFIG_LIBDIR_value=
ac_cv_env_PKG_CONFIG_PATH_set=
ac_cv_env_PKG_CONFIG_PATH_value=
ac_cv_env_PKG_CONFIG_set=
ac_cv_env_PKG_CONFIG_value=
ac_cv_env_RE2_CFLAGS_set=
ac_cv_env_RE2_CFLAGS_value=
ac_cv_env_RE2_LIBS_set=
ac_cv_env_RE2_LIBS_value=
ac_cv_env_build_alias_set=
ac_cv_env_build_alias_value=
ac_cv_env_host_alias_set=
ac_cv_env_host_alias_value=
ac_cv_env_target_alias_set=
ac_cv_env_target_alias_value=
ac_cv_header_dlfcn_h=yes
ac_cv_header_inttypes_h=yes
ac_cv_header_stdint_h=yes
ac_cv_header_stdio_h=yes
ac_cv_header_stdlib_h=yes
ac_cv_header_string_h=yes
ac_cv_header_strings_h=yes
ac_cv_header_sys_stat_h=yes
ac_cv_header_sys_types_h=yes
ac_cv_header_unistd_h=yes
ac_cv_host=x86_64-pc-linux-gnu
ac_cv_objext=o
ac_cv_path_EGREP='/usr/bin/grep -E'
ac_cv_path_FGREP='/usr/bin/grep -F'
ac_cv_path_GREP=/usr/bin/grep
ac_cv_path_SED=/usr/bin/sed
ac_cv_path_ac_pt_PKG_CONFIG=/usr/bin/pkg-config
ac_cv_path_install='/usr/bin/install -c'
ac_cv_path_lt_DD=/usr/bin/dd
ac_cv_path_mkdir=/usr/bin/mkdir
ac_cv_prog_AWK=gawk
ac_cv_prog_CXXCPP='g++ -E'
ac_cv_prog_FILECMD=file
ac_cv_prog_ac_ct_AR=ar
ac_cv_prog_ac_ct_CC=gcc
ac_cv_prog_ac_ct_CXX=g++
ac_cv_prog_ac_ct_OBJDUMP=objdump
ac_cv_prog_ac_ct_RANLIB=ranlib
ac_cv_prog_ac_ct_STRIP=strip
ac_cv_prog_cc_c11=
ac_cv_prog_cc_g=yes
ac_cv_prog_cc_gcc_c_o=yes
ac_cv_prog_cc_stdc=
ac_cv_prog_cxx_c_o=yes
ac_cv_prog_cxx_cxx11=
ac_cv_prog_cxx_g=yes
ac_cv_prog_cxx_stdcxx=
ac_cv_prog_make_make_set=yes
ac_cv_target=x86_64-pc-linux-gnu
am_cv_CC_dependencies_compiler_type=gcc3
am_cv_CXX_dependencies_compiler_type=gcc3
am_cv_ar_interface=ar
am_cv_make_support_nested_variables=yes
am_cv_prog_cc_c_o=yes
ax_cv_cxx_compile_cxx11=yes
lt_cv_ar_at_file=@
lt_cv_archive_cmds_need_lc=no
lt_cv_deplibs_check_method=pass_all
lt_cv_file_magic_cmd='$MAGIC_CMD'
lt_cv_file_magic_test_file=
lt_cv_ld_reload_flag=-r
lt_cv_nm_interface='BSD nm'
lt_cv_objdir=.libs
lt_cv_path_LD=/usr/bin/ld
lt_cv_path_LDCXX='/usr/bin/ld -m elf_x86_64'
lt_cv_path_NM='/usr/bin/nm -B'
lt_cv_path_manifest_tool=no
lt_cv_prog_compiler_c_o=yes
lt_cv_prog_compiler_c_o_CXX=yes
lt_cv_prog_compiler_pic='-fPIC -DPIC'
lt_cv_prog_compiler_pic_CXX='-fPIC -DPIC'
lt_cv_prog_compiler_pic_works=yes
lt_cv_prog_compiler_pic_works_CXX=yes
lt_cv_prog_compiler_rtti_exceptions=no
lt_cv_prog_compiler_static_works=yes
lt_cv_prog_compiler_static_works_CXX=yes
lt_cv_prog_gnu_ld=yes
lt_cv_prog_gnu_ldcxx=yes
lt_cv_sharedlib_from_linklib_cmd='printf %s\n'
lt_cv_shlibpath_overrides_runpath=yes
lt_cv_sys_global_symbol_pipe='/usr/bin/sed -n -e '\''s/^.*[	 ]\([ABCDGIRSTW][ABCDGIRSTW]*\)[	 ][	 ]*\([_A-Za-z][_A-Za-z0-9]*\)$/\1 \2 \2/p'\'' | /usr/bin/sed '\''/ __gnu_lto/d'\'''
lt_cv_sys_global_symbol_to_c_name_address='/usr/bin/sed -n -e '\''s/^: \(.*\) .*$/  {"\1", (void *) 0},/p'\'' -e '\''s/^[ABCDGIRSTW][ABCDGIRSTW]* .* \(.*\)$/  {"\1", (void *) \&\1},/p'\'''
lt_cv_sys_global_symbol_to_c_name_address_lib_prefix='/usr/bin/sed -n -e '\''s/^: \(.*\) .*$/  {"\1", (void *) 0},/p'\'' -e '\''s/^[ABCDGIRSTW][ABCDGIRSTW]* .* \(lib.*\)$/  {"\1", (void *) \&\1},/p'\'' -e '\''s/^[ABCDGIRSTW][ABCDGIRSTW]* .* \(.*\)$/  {"lib\1", (void *) \&\1},/p'\'''
lt_cv_sys_global_symbol_to_cdecl='/usr/bin/sed -n -e '\''s/^T .* \(.*\)$/extern int \1();/p'\'' -e '\''s/^[ABCDGIRSTW][ABCDGIRSTW]* .* \(.*\)$/extern char \1;/p'\'''
lt_cv_sys_global_symbol_to_import=
lt_cv_sys_max_cmd_len=1572864
lt_cv_to_host_file_cmd=func_convert_file_noop
lt_cv_to_tool_file_cmd=func_convert_file_noop
lt_cv_truncate_bin='/usr/bin/dd bs=4096 count=1'
pkg_cv_RE2_CFLAGS='-pthread '
pkg_cv_RE2_LIBS='-pthread -lre2 '

## ----------------- ##
## Output variables. ##
## ----------------- ##

ACLOCAL='${SHELL} '\''/home/lavanya/tranalyzer2-0.9.3/plugins/regex_re2/src/cre2/meta/autotools/missing'\'' aclocal-1.16'
AMDEPBACKSLASH='\'
AMDEP_FALSE='#'
AMDEP_TRUE=''
AMTAR='$${TAR-tar}'
AM_BACKSLASH='\'
AM_DEFAULT_V='$(AM_DEFAULT_VERBOSITY)'
AM_DEFAULT_VERBOSITY='1'
AM_V='$(V)'
AR='ar'
AUTOCONF='${SHELL} '\''/home/lavanya/tranalyzer2-0.9.3/plugins/regex_re2/src/cre2/meta/autotools/missing'\'' autoconf'
AUTOHEADER='${SHELL} '\''/home/lavanya/tranalyzer2-0.9.3/plugins/regex_re2/src/cre2/meta/autotools/missing'\'' autoheader'
AUTOMAKE='${SHELL} '\''/home/lavanya/tranalyzer2-0.9.3/plugins/regex_re2/src/cre2/meta/autotools/missing'\'' automake-1.16'
AWK='gawk'
CC='gcc'
CCDEPMODE='depmode=gcc3'
CFLAGS='-pedantic -O3 -Wextra'
CPPFLAGS=''
CRE2_PKG_CONFIG_VERSION='0.3.6'
CSCOPE='cscope'
CTAGS='ctags'
CXX='g++'
CXXCPP='g++ -E'
CXXDEPMODE='depmode=gcc3'
CXXFLAGS='-pedantic -O3 -Wextra -fPIC'
CYGPATH_W='echo'
DEFS='-DHAVE_CONFIG_H'
DEPDIR='.deps'
DLLTOOL='false'
DSYMUTIL=''
DUMPBIN=''
ECHO_C=''
ECHO_N='-n'
ECHO_T=''
EGREP='/usr/bin/grep -E'
ETAGS='etags'
EXEEXT=''
FGREP='/usr/bin/grep -F'
FILECMD='file'
GREP='/usr/bin/grep'
HAVE_CXX11='1'
INSTALL_DATA='${INSTALL} -m 644'
INSTALL_PROGRAM='${INSTALL}'
INSTALL_SCRIPT='${INSTALL}'
INSTALL_STRIP_PROGRAM='$(install_sh) -c -s'
LD='/usr/bin/ld -m elf_x86_64'
LDFLAGS='-L/usr/local/lib64'
LIBOBJS=''
LIBS=''
LIBTOOL='$(SHELL) $(top_builddir)/libtool'
LIPO=''
LN_S='ln -s'
LTLIBOBJS=''
LT_SYS_LIBRARY_PATH=''
MAINT='#'
MAINTAINER_MODE_FALSE=''
MAINTAINER_MODE_TRUE='#'
MAKEINFO='${SHELL} '\''/home/lavanya/tranalyzer2-0.9.3/plugins/regex_re2/src/cre2/meta/autotools/missing'\'' makeinfo'
MANIFEST_TOOL=':'
MKDIR_P='/usr/bin/mkdir -p'
NM='/usr/bin/nm -B'
NMEDIT=''
OBJDUMP='objdump'
OBJEXT='o'
OTOOL64=''
OTOOL=''
PACKAGE='cre2'
PACKAGE_BUGREPORT='marco.maggi-ipsu@poste.it'
PACKAGE_NAME='CRE2'
PACKAGE_STRING='CRE2 0.3.6'
PACKAGE_TARNAME='cre2'
PACKAGE_URL='http://github.com/marcomaggi/cre2/'
PACKAGE_VERSION='0.3.6'
PATH_SEPARATOR=':'
PKG_CONFIG='/usr/bin/pkg-config'
PKG_CONFIG_LIBDIR=''
PKG_CONFIG_PATH=''
RANLIB='ranlib'
RE2_CFLAGS='-pthread '
RE2_LIBS='-pthread -lre2 '
SED='/usr/bin/sed'
SET_MAKE=''
SHELL='/bin/bash'
STRIP='strip'
VERSION='0.3.6'
ac_ct_AR='ar'
ac_ct_CC='gcc'
ac_ct_CXX='g++'
ac_ct_DUMPBIN=''
am__EXEEXT_FALSE=''
am__EXEEXT_TRUE='#'
am__fastdepCC_FALSE='#'
am__fastdepCC_TRUE=''
am__fastdepCXX_FALSE='#'
am__fastdepCXX_TRUE=''
am__include='include'
am__isrc=' -I$(srcdir)'
am__leading_dot='.'
am__nodep='_no'
am__quote=''
am__tar='$${TAR-tar} chof - "$$tardir"'
am__untar='$${TAR-tar} xf -'
bindir='${exec_prefix}/bin'
build='x86_64-pc-linux-gnu'
build_alias=''
build_cpu='x86_64'
build_os='linux-gnu'
build_vendor='pc'
cre2_VERSION_INTERFACE_AGE='0'
cre2_VERSION_INTERFACE_CURRENT='0'
cre2_VERSION_INTERFACE_REVISION='0'
datadir='${datarootdir}'
datarootdir='${prefix}/share'
docdir='${datarootdir}/doc/${PACKAGE_TARNAME}'
dvidir='${docdir}'
exec_prefix='${prefix}'
host='x86_64-pc-linux-gnu'
host_alias=''
host_cpu='x86_64'
host_os='linux-gnu'
host_vendor='pc'
htmldir='${docdir}'
includedir='${prefix}/include'
infodir='${datarootdir}/info'
install_sh='${SHELL} /home/lavanya/tranalyzer2-0.9.3/plugins/regex_re2/src/cre2/meta/autotools/install-sh'
libdir='/usr/local/lib64'
libexecdir='${exec_prefix}/libexec'
localedir='${datarootdir}/locale'
localstatedir='${prefix}/var'
mandir='${datarootdir}/man'
mkdir_p='$(MKDIR_P)'
oldincludedir='/usr/include'
pdfdir='${docdir}'
prefix='/usr/local'
program_transform_name='s,x,x,'
psdir='${docdir}'
runstatedir='${localstatedir}/run'
sbindir='${exec_prefix}/sbin'
sharedstatedir='${prefix}/com'
sysconfdir='${prefix}/etc'
target='x86_64-pc-linux-gnu'
target_alias=''
target_cpu='x86_64'
target_os='linux-gnu'
target_vendor='pc'

## ----------- ##
## confdefs.h. ##
## ----------- ##

/* confdefs.h */
#define PACKAGE_NAME "CRE2"
#define PACKAGE_TARNAME "cre2"
#define PACKAGE_VERSION "0.3.6"
#define PACKAGE_STRING "CRE2 0.3.6"
#define PACKAGE_BUGREPORT "marco.maggi-ipsu@poste.it"
#define PACKAGE_URL "http://github.com/marcomaggi/cre2/"
#define PACKAGE "cre2"
#define VERSION "0.3.6"
#define HAVE_STDIO_H 1
#define HAVE_STDLIB_H 1
#define HAVE_STRING_H 1
#define HAVE_INTTYPES_H 1
#define HAVE_STDINT_H 1
#define HAVE_STRINGS_H 1
#define HAVE_SYS_STAT_H 1
#define HAVE_SYS_TYPES_H 1
#define HAVE_UNISTD_H 1
#define STDC_HEADERS 1
#define HAVE_DLFCN_H 1
#define LT_OBJDIR ".libs/"
#define HAVE_CXX11 1
#define cre2_VERSION_INTERFACE_CURRENT 0
#define cre2_VERSION_INTERFACE_REVISION 0
#define cre2_VERSION_INTERFACE_AGE 0
#define cre2_VERSION_INTERFACE_STRING "0.0"

configure: exit 0
